Graph loaded: 11369 vertices, 36792 edges.
INITIAL_ROUTES,iteration=-1,query_count=2048,time_sec=0.210761
EVALUATE,iteration=0,query_count=2048,time_sec=1.440944
TOTAL_TRAVEL_TIME,iteration=0,query_count=2048,value=66208060
TDG,iteration=0,size=27959,time_sec=0.224329
IMPACT,iteration=0,size=27959,time_sec=0.088484
CANDIDATE,iteration=0,candidate_count=642,candidate_sec=0.055905
SELECT,iteration=0,candidate_count=642,selected_count=318,select_impact_sec=0.172899,select_rank_sec=0.005840,select_scan_sec=0.173952,select_remove_sec=0.170828,select_total_sec=0.380379
BATCH,iteration=0,selected_count=318,batch_count=67,batch_queries_sec=0.277762
REROUTE,iteration=0,reroute_query_count=318,reroute_query_sec=0.119544,insert_trajectory_sec=0.004992,reroute_total_sec=0.151953
ITERATION,iteration=0,selected_count=318,time_sec=2.636757
EVALUATE,iteration=1,query_count=2048,time_sec=1.445593
TOTAL_TRAVEL_TIME,iteration=1,query_count=2048,value=67259189
TDG,iteration=1,size=35568,time_sec=0.210980
IMPACT,iteration=1,size=35568,time_sec=0.112460
CANDIDATE,iteration=1,candidate_count=969,candidate_sec=0.067637
SELECT,iteration=1,candidate_count=969,selected_count=458,select_impact_sec=0.225734,select_rank_sec=0.006566,select_scan_sec=0.179086,select_remove_sec=0.174931,select_total_sec=0.445953
BATCH,iteration=1,selected_count=458,batch_count=39,batch_queries_sec=0.164497
REROUTE,iteration=1,reroute_query_count=458,reroute_query_sec=0.171294,insert_trajectory_sec=0.043227,reroute_total_sec=0.248342
ITERATION,iteration=1,selected_count=458,time_sec=2.716858
EVALUATE,iteration=2,query_count=2048,time_sec=1.238136
TOTAL_TRAVEL_TIME,iteration=2,query_count=2048,value=63180680
TDG,iteration=2,size=40117,time_sec=0.215709
IMPACT,iteration=2,size=40117,time_sec=0.127276
CANDIDATE,iteration=2,candidate_count=854,candidate_sec=0.077361
SELECT,iteration=2,candidate_count=854,selected_count=402,select_impact_sec=0.252260,select_rank_sec=0.004873,select_scan_sec=0.125399,select_remove_sec=0.122170,select_total_sec=0.419630
BATCH,iteration=2,selected_count=402,batch_count=28,batch_queries_sec=0.102027
REROUTE,iteration=2,reroute_query_count=402,reroute_query_sec=0.130269,insert_trajectory_sec=0.048726,reroute_total_sec=0.216040
ITERATION,iteration=2,selected_count=402,time_sec=2.419923
EVALUATE,iteration=3,query_count=2048,time_sec=1.230713
TOTAL_TRAVEL_TIME,iteration=3,query_count=2048,value=63643757
TDG,iteration=3,size=43029,time_sec=0.215550
IMPACT,iteration=3,size=43029,time_sec=0.133143
CANDIDATE,iteration=3,candidate_count=858,candidate_sec=0.081039
SELECT,iteration=3,candidate_count=858,selected_count=407,select_impact_sec=0.258863,select_rank_sec=0.004188,select_scan_sec=0.109947,select_remove_sec=0.107447,select_total_sec=0.412096
BATCH,iteration=3,selected_count=407,batch_count=49,batch_queries_sec=0.080257
REROUTE,iteration=3,reroute_query_count=407,reroute_query_sec=0.153507,insert_trajectory_sec=0.061146,reroute_total_sec=0.255563
ITERATION,iteration=3,selected_count=407,time_sec=2.434029
EVALUATE,iteration=4,query_count=2048,time_sec=1.214563
TOTAL_TRAVEL_TIME,iteration=4,query_count=2048,value=62865049
TDG,iteration=4,size=44262,time_sec=0.211536
IMPACT,iteration=4,size=44262,time_sec=0.134339
CANDIDATE,iteration=4,candidate_count=702,candidate_sec=0.081656
SELECT,iteration=4,candidate_count=702,selected_count=342,select_impact_sec=0.266480,select_rank_sec=0.003557,select_scan_sec=0.093593,select_remove_sec=0.091574,select_total_sec=0.403502
BATCH,iteration=4,selected_count=342,batch_count=37,batch_queries_sec=0.085578
REROUTE,iteration=4,reroute_query_count=342,reroute_query_sec=0.145263,insert_trajectory_sec=0.061972,reroute_total_sec=0.248496
ITERATION,iteration=4,selected_count=342,time_sec=2.406174
EVALUATE,iteration=5,query_count=2048,time_sec=1.194420
TOTAL_TRAVEL_TIME,iteration=5,query_count=2048,value=62457298
TDG,iteration=5,size=44184,time_sec=0.214817
IMPACT,iteration=5,size=44184,time_sec=0.136265
CANDIDATE,iteration=5,candidate_count=770,candidate_sec=0.083027
SELECT,iteration=5,candidate_count=770,selected_count=354,select_impact_sec=0.315596,select_rank_sec=0.004278,select_scan_sec=0.104954,select_remove_sec=0.101466,select_total_sec=0.477747
BATCH,iteration=5,selected_count=354,batch_count=34,batch_queries_sec=0.101100
REROUTE,iteration=5,reroute_query_count=354,reroute_query_sec=0.153081,insert_trajectory_sec=0.079335,reroute_total_sec=0.274250
ITERATION,iteration=5,selected_count=354,time_sec=2.508808
EVALUATE,iteration=6,query_count=2048,time_sec=1.183967
TOTAL_TRAVEL_TIME,iteration=6,query_count=2048,value=62650212
TDG,iteration=6,size=43457,time_sec=0.213527
IMPACT,iteration=6,size=43457,time_sec=0.132364
CANDIDATE,iteration=6,candidate_count=617,candidate_sec=0.080603
SELECT,iteration=6,candidate_count=617,selected_count=294,select_impact_sec=0.270666,select_rank_sec=0.002979,select_scan_sec=0.079463,select_remove_sec=0.077330,select_total_sec=0.395415
BATCH,iteration=6,selected_count=294,batch_count=35,batch_queries_sec=0.067616
REROUTE,iteration=6,reroute_query_count=294,reroute_query_sec=0.125286,insert_trajectory_sec=0.062505,reroute_total_sec=0.228721
ITERATION,iteration=6,selected_count=294,time_sec=2.327690
EVALUATE,iteration=7,query_count=2048,time_sec=1.177931
TOTAL_TRAVEL_TIME,iteration=7,query_count=2048,value=62493308
TDG,iteration=7,size=43595,time_sec=0.216044
IMPACT,iteration=7,size=43595,time_sec=0.133326
CANDIDATE,iteration=7,candidate_count=661,candidate_sec=0.082154
SELECT,iteration=7,candidate_count=661,selected_count=305,select_impact_sec=0.284333,select_rank_sec=0.003252,select_scan_sec=0.094270,select_remove_sec=0.091399,select_total_sec=0.422726
BATCH,iteration=7,selected_count=305,batch_count=34,batch_queries_sec=0.073474
REROUTE,iteration=7,reroute_query_count=305,reroute_query_sec=0.140397,insert_trajectory_sec=0.071988,reroute_total_sec=0.253289
ITERATION,iteration=7,selected_count=305,time_sec=2.384147
EVALUATE,iteration=8,query_count=2048,time_sec=1.162413
TOTAL_TRAVEL_TIME,iteration=8,query_count=2048,value=61875383
TDG,iteration=8,size=43254,time_sec=0.210979
IMPACT,iteration=8,size=43254,time_sec=0.135532
CANDIDATE,iteration=8,candidate_count=610,candidate_sec=0.080204
SELECT,iteration=8,candidate_count=610,selected_count=290,select_impact_sec=0.267999,select_rank_sec=0.002917,select_scan_sec=0.078840,select_remove_sec=0.076627,select_total_sec=0.390049
BATCH,iteration=8,selected_count=290,batch_count=34,batch_queries_sec=0.057127
REROUTE,iteration=8,reroute_query_count=290,reroute_query_sec=0.121071,insert_trajectory_sec=0.061053,reroute_total_sec=0.224755
ITERATION,iteration=8,selected_count=290,time_sec=2.287311
EVALUATE,iteration=9,query_count=2048,time_sec=1.181734
TOTAL_TRAVEL_TIME,iteration=9,query_count=2048,value=62201351
TDG,iteration=9,size=42751,time_sec=0.214950
IMPACT,iteration=9,size=42751,time_sec=0.131935
CANDIDATE,iteration=9,candidate_count=522,candidate_sec=0.081191
SELECT,iteration=9,candidate_count=522,selected_count=243,select_impact_sec=0.261048,select_rank_sec=0.002476,select_scan_sec=0.067683,select_remove_sec=0.065700,select_total_sec=0.371790
BATCH,iteration=9,selected_count=243,batch_count=30,batch_queries_sec=0.060656
REROUTE,iteration=9,reroute_query_count=243,reroute_query_sec=0.110548,insert_trajectory_sec=0.055511,reroute_total_sec=0.205558
ITERATION,iteration=9,selected_count=243,time_sec=2.273150
EVALUATE,iteration=-1,query_count=2048,time_sec=1.157778
TOTAL_TRAVEL_TIME,iteration=-1,query_count=2048,value=61885295
RUN,iteration=-1,query_count=2048,time_sec=25.913171
GRO Done!
