Graph loaded: 11369 vertices, 36792 edges.
INITIAL_ROUTES,iteration=-1,query_count=4096,time_sec=0.427820
EVALUATE,iteration=0,query_count=4096,time_sec=3.484764
TOTAL_TRAVEL_TIME,iteration=0,query_count=4096,value=162588845
TDG,iteration=0,size=46719,time_sec=0.512371
IMPACT,iteration=0,size=46719,time_sec=0.159304
CANDIDATE,iteration=0,candidate_count=1635,candidate_sec=0.104606
SELECT,iteration=0,candidate_count=1635,selected_count=436,select_impact_sec=0.312518,select_rank_sec=0.019666,select_scan_sec=0.301323,select_remove_sec=0.295852,select_total_sec=0.679592
BATCH,iteration=0,selected_count=436,batch_count=158,batch_queries_sec=1.527843
REROUTE,iteration=0,reroute_query_count=436,reroute_query_sec=0.330426,insert_trajectory_sec=0.001738,reroute_total_sec=0.377092
ITERATION,iteration=0,selected_count=436,time_sec=6.875290
EVALUATE,iteration=1,query_count=4096,time_sec=4.079669
TOTAL_TRAVEL_TIME,iteration=1,query_count=4096,value=174441733
TDG,iteration=1,size=67520,time_sec=0.570290
IMPACT,iteration=1,size=67520,time_sec=0.225163
CANDIDATE,iteration=1,candidate_count=1478,candidate_sec=0.141799
SELECT,iteration=1,candidate_count=1478,selected_count=377,select_impact_sec=0.441561,select_rank_sec=0.018374,select_scan_sec=0.234255,select_remove_sec=0.229840,select_total_sec=0.756823
BATCH,iteration=1,selected_count=377,batch_count=91,batch_queries_sec=0.525565
REROUTE,iteration=1,reroute_query_count=377,reroute_query_sec=0.259028,insert_trajectory_sec=0.026950,reroute_total_sec=0.352924
ITERATION,iteration=1,selected_count=377,time_sec=6.692285
EVALUATE,iteration=2,query_count=4096,time_sec=4.125101
TOTAL_TRAVEL_TIME,iteration=2,query_count=4096,value=179242026
TDG,iteration=2,size=80610,time_sec=0.587904
IMPACT,iteration=2,size=80610,time_sec=0.267876
CANDIDATE,iteration=2,candidate_count=1497,candidate_sec=0.167080
SELECT,iteration=2,candidate_count=1497,selected_count=716,select_impact_sec=0.534179,select_rank_sec=0.014258,select_scan_sec=0.384706,select_remove_sec=0.375335,select_total_sec=1.005008
BATCH,iteration=2,selected_count=716,batch_count=58,batch_queries_sec=0.299375
REROUTE,iteration=2,reroute_query_count=716,reroute_query_sec=0.350325,insert_trajectory_sec=0.091640,reroute_total_sec=0.515686
ITERATION,iteration=2,selected_count=716,time_sec=7.014929
EVALUATE,iteration=3,query_count=4096,time_sec=4.021380
TOTAL_TRAVEL_TIME,iteration=3,query_count=4096,value=179271538
TDG,iteration=3,size=96164,time_sec=0.625091
IMPACT,iteration=3,size=96164,time_sec=0.319537
CANDIDATE,iteration=3,candidate_count=1538,candidate_sec=0.221227
SELECT,iteration=3,candidate_count=1538,selected_count=721,select_impact_sec=0.688486,select_rank_sec=0.014389,select_scan_sec=0.406909,select_remove_sec=0.396899,select_total_sec=1.194306
BATCH,iteration=3,selected_count=721,batch_count=42,batch_queries_sec=0.332365
REROUTE,iteration=3,reroute_query_count=721,reroute_query_sec=0.324189,insert_trajectory_sec=0.094928,reroute_total_sec=0.520300
ITERATION,iteration=3,selected_count=721,time_sec=7.288587
EVALUATE,iteration=4,query_count=4096,time_sec=3.916998
TOTAL_TRAVEL_TIME,iteration=4,query_count=4096,value=174417402
TDG,iteration=4,size=102846,time_sec=0.689366
IMPACT,iteration=4,size=102846,time_sec=0.346943
CANDIDATE,iteration=4,candidate_count=1653,candidate_sec=0.204356
SELECT,iteration=4,candidate_count=1653,selected_count=742,select_impact_sec=0.686592,select_rank_sec=0.014926,select_scan_sec=0.379351,select_remove_sec=0.368033,select_total_sec=1.170635
BATCH,iteration=4,selected_count=742,batch_count=52,batch_queries_sec=0.377665
REROUTE,iteration=4,reroute_query_count=742,reroute_query_sec=0.351230,insert_trajectory_sec=0.146011,reroute_total_sec=0.590168
ITERATION,iteration=4,selected_count=742,time_sec=7.354030
EVALUATE,iteration=5,query_count=4096,time_sec=3.781064
TOTAL_TRAVEL_TIME,iteration=5,query_count=4096,value=174761332
TDG,iteration=5,size=106461,time_sec=0.608072
IMPACT,iteration=5,size=106461,time_sec=0.356307
CANDIDATE,iteration=5,candidate_count=1499,candidate_sec=0.217233
SELECT,iteration=5,candidate_count=1499,selected_count=700,select_impact_sec=0.696255,select_rank_sec=0.013031,select_scan_sec=0.341880,select_remove_sec=0.331319,select_total_sec=1.145863
BATCH,iteration=5,selected_count=700,batch_count=51,batch_queries_sec=0.455484
REROUTE,iteration=5,reroute_query_count=700,reroute_query_sec=0.320836,insert_trajectory_sec=0.185154,reroute_total_sec=0.600369
ITERATION,iteration=5,selected_count=700,time_sec=7.223568
EVALUATE,iteration=6,query_count=4096,time_sec=3.607793
TOTAL_TRAVEL_TIME,iteration=6,query_count=4096,value=171480951
TDG,iteration=6,size=104089,time_sec=0.603273
IMPACT,iteration=6,size=104089,time_sec=0.345222
CANDIDATE,iteration=6,candidate_count=1335,candidate_sec=0.209413
SELECT,iteration=6,candidate_count=1335,selected_count=630,select_impact_sec=0.701079,select_rank_sec=0.011284,select_scan_sec=0.302359,select_remove_sec=0.293028,select_total_sec=1.110292
BATCH,iteration=6,selected_count=630,batch_count=50,batch_queries_sec=0.345804
REROUTE,iteration=6,reroute_query_count=630,reroute_query_sec=0.303010,insert_trajectory_sec=0.183671,reroute_total_sec=0.579644
ITERATION,iteration=6,selected_count=630,time_sec=6.859565
EVALUATE,iteration=7,query_count=4096,time_sec=3.573054
TOTAL_TRAVEL_TIME,iteration=7,query_count=4096,value=170611226
TDG,iteration=7,size=104178,time_sec=0.591992
IMPACT,iteration=7,size=104178,time_sec=0.349712
CANDIDATE,iteration=7,candidate_count=1225,candidate_sec=0.214015
SELECT,iteration=7,candidate_count=1225,selected_count=563,select_impact_sec=0.691122,select_rank_sec=0.010957,select_scan_sec=0.288006,select_remove_sec=0.278569,select_total_sec=1.083826
BATCH,iteration=7,selected_count=563,batch_count=51,batch_queries_sec=0.373000
REROUTE,iteration=7,reroute_query_count=563,reroute_query_sec=0.268589,insert_trajectory_sec=0.156081,reroute_total_sec=0.518090
ITERATION,iteration=7,selected_count=563,time_sec=6.763014
EVALUATE,iteration=8,query_count=4096,time_sec=3.538308
TOTAL_TRAVEL_TIME,iteration=8,query_count=4096,value=164631993
TDG,iteration=8,size=99913,time_sec=0.643010
IMPACT,iteration=8,size=99913,time_sec=0.322600
CANDIDATE,iteration=8,candidate_count=955,candidate_sec=0.195895
SELECT,iteration=8,candidate_count=955,selected_count=455,select_impact_sec=0.668180,select_rank_sec=0.007308,select_scan_sec=0.211059,select_remove_sec=0.205417,select_total_sec=0.972143
BATCH,iteration=8,selected_count=455,batch_count=33,batch_queries_sec=0.217769
REROUTE,iteration=8,reroute_query_count=455,reroute_query_sec=0.243462,insert_trajectory_sec=0.154885,reroute_total_sec=0.488527
ITERATION,iteration=8,selected_count=455,time_sec=6.434316
EVALUATE,iteration=9,query_count=4096,time_sec=3.532395
TOTAL_TRAVEL_TIME,iteration=9,query_count=4096,value=164011887
TDG,iteration=9,size=98737,time_sec=0.560340
IMPACT,iteration=9,size=98737,time_sec=0.324948
CANDIDATE,iteration=9,candidate_count=1143,candidate_sec=0.197838
SELECT,iteration=9,candidate_count=1143,selected_count=536,select_impact_sec=0.685347,select_rank_sec=0.008951,select_scan_sec=0.240188,select_remove_sec=0.232826,select_total_sec=1.023655
BATCH,iteration=9,selected_count=536,batch_count=39,batch_queries_sec=0.248719
REROUTE,iteration=9,reroute_query_count=536,reroute_query_sec=0.359279,insert_trajectory_sec=0.204001,reroute_total_sec=0.653659
ITERATION,iteration=9,selected_count=536,time_sec=6.596716
EVALUATE,iteration=-1,query_count=4096,time_sec=3.504097
TOTAL_TRAVEL_TIME,iteration=-1,query_count=4096,value=161248977
RUN,iteration=-1,query_count=4096,time_sec=73.367581
GRO Done!
