Graph loaded: 11369 vertices, 36792 edges.
INITIAL_ROUTES,iteration=-1,query_count=1024,time_sec=0.127602
EVALUATE,iteration=0,query_count=1024,time_sec=0.487402
TOTAL_TRAVEL_TIME,iteration=0,query_count=1024,value=27030182
TDG,iteration=0,size=14795,time_sec=0.088695
IMPACT,iteration=0,size=14795,time_sec=0.045560
CANDIDATE,iteration=0,candidate_count=300,candidate_sec=0.028720
SELECT,iteration=0,candidate_count=300,selected_count=146,select_impact_sec=0.089859,select_rank_sec=0.001844,select_scan_sec=0.051225,select_remove_sec=0.050096,select_total_sec=0.159005
BATCH,iteration=0,selected_count=146,batch_count=28,batch_queries_sec=0.046691
REROUTE,iteration=0,reroute_query_count=146,reroute_query_sec=0.058082,insert_trajectory_sec=0.006820,reroute_total_sec=0.081829
ITERATION,iteration=0,selected_count=146,time_sec=0.947669
EVALUATE,iteration=1,query_count=1024,time_sec=0.518641
TOTAL_TRAVEL_TIME,iteration=1,query_count=1024,value=25716996
TDG,iteration=1,size=16799,time_sec=0.086662
IMPACT,iteration=1,size=16799,time_sec=0.050487
CANDIDATE,iteration=1,candidate_count=430,candidate_sec=0.030865
SELECT,iteration=1,candidate_count=430,selected_count=201,select_impact_sec=0.099631,select_rank_sec=0.002081,select_scan_sec=0.055025,select_remove_sec=0.053707,select_total_sec=0.174342
BATCH,iteration=1,selected_count=201,batch_count=24,batch_queries_sec=0.040264
REROUTE,iteration=1,reroute_query_count=201,reroute_query_sec=0.083415,insert_trajectory_sec=0.014685,reroute_total_sec=0.126928
ITERATION,iteration=1,selected_count=201,time_sec=1.039145
EVALUATE,iteration=2,query_count=1024,time_sec=0.426841
TOTAL_TRAVEL_TIME,iteration=2,query_count=1024,value=24939185
TDG,iteration=2,size=18436,time_sec=0.083092
IMPACT,iteration=2,size=18436,time_sec=0.054556
CANDIDATE,iteration=2,candidate_count=544,candidate_sec=0.033005
SELECT,iteration=2,candidate_count=544,selected_count=255,select_impact_sec=0.109571,select_rank_sec=0.002141,select_scan_sec=0.051443,select_remove_sec=0.049968,select_total_sec=0.182524
BATCH,iteration=2,selected_count=255,batch_count=24,batch_queries_sec=0.028972
REROUTE,iteration=2,reroute_query_count=255,reroute_query_sec=0.090853,insert_trajectory_sec=0.022463,reroute_total_sec=0.132785
ITERATION,iteration=2,selected_count=255,time_sec=0.953781
EVALUATE,iteration=3,query_count=1024,time_sec=0.418670
TOTAL_TRAVEL_TIME,iteration=3,query_count=1024,value=25351434
TDG,iteration=3,size=20135,time_sec=0.088288
IMPACT,iteration=3,size=20135,time_sec=0.060205
CANDIDATE,iteration=3,candidate_count=442,candidate_sec=0.037589
SELECT,iteration=3,candidate_count=442,selected_count=215,select_impact_sec=0.118405,select_rank_sec=0.001684,select_scan_sec=0.041190,select_remove_sec=0.039946,select_total_sec=0.181989
BATCH,iteration=3,selected_count=215,batch_count=18,batch_queries_sec=0.024581
REROUTE,iteration=3,reroute_query_count=215,reroute_query_sec=0.076336,insert_trajectory_sec=0.022075,reroute_total_sec=0.118789
ITERATION,iteration=3,selected_count=215,time_sec=0.942659
EVALUATE,iteration=4,query_count=1024,time_sec=0.394475
TOTAL_TRAVEL_TIME,iteration=4,query_count=1024,value=25162675
TDG,iteration=4,size=20519,time_sec=0.085324
IMPACT,iteration=4,size=20519,time_sec=0.060402
CANDIDATE,iteration=4,candidate_count=312,candidate_sec=0.035615
SELECT,iteration=4,candidate_count=312,selected_count=150,select_impact_sec=0.119956,select_rank_sec=0.001114,select_scan_sec=0.026883,select_remove_sec=0.026148,select_total_sec=0.169019
BATCH,iteration=4,selected_count=150,batch_count=23,batch_queries_sec=0.027249
REROUTE,iteration=4,reroute_query_count=150,reroute_query_sec=0.051919,insert_trajectory_sec=0.019977,reroute_total_sec=0.093027
ITERATION,iteration=4,selected_count=150,time_sec=0.878053
EVALUATE,iteration=5,query_count=1024,time_sec=0.421308
TOTAL_TRAVEL_TIME,iteration=5,query_count=1024,value=25137265
TDG,iteration=5,size=20488,time_sec=0.083598
IMPACT,iteration=5,size=20488,time_sec=0.059781
CANDIDATE,iteration=5,candidate_count=291,candidate_sec=0.036358
SELECT,iteration=5,candidate_count=291,selected_count=142,select_impact_sec=0.119681,select_rank_sec=0.001000,select_scan_sec=0.024648,select_remove_sec=0.024015,select_total_sec=0.166174
BATCH,iteration=5,selected_count=142,batch_count=16,batch_queries_sec=0.017308
REROUTE,iteration=5,reroute_query_count=142,reroute_query_sec=0.047774,insert_trajectory_sec=0.019409,reroute_total_sec=0.088171
ITERATION,iteration=5,selected_count=142,time_sec=0.885811
EVALUATE,iteration=6,query_count=1024,time_sec=0.374480
TOTAL_TRAVEL_TIME,iteration=6,query_count=1024,value=25006055
TDG,iteration=6,size=20337,time_sec=0.080921
IMPACT,iteration=6,size=20337,time_sec=0.057435
CANDIDATE,iteration=6,candidate_count=283,candidate_sec=0.035494
SELECT,iteration=6,candidate_count=283,selected_count=136,select_impact_sec=0.114067,select_rank_sec=0.000927,select_scan_sec=0.023050,select_remove_sec=0.022474,select_total_sec=0.158944
BATCH,iteration=6,selected_count=136,batch_count=18,batch_queries_sec=0.024631
REROUTE,iteration=6,reroute_query_count=136,reroute_query_sec=0.051600,insert_trajectory_sec=0.020850,reroute_total_sec=0.093373
ITERATION,iteration=6,selected_count=136,time_sec=0.838015
EVALUATE,iteration=7,query_count=1024,time_sec=0.393670
TOTAL_TRAVEL_TIME,iteration=7,query_count=1024,value=25298105
TDG,iteration=7,size=20237,time_sec=0.085104
IMPACT,iteration=7,size=20237,time_sec=0.059644
CANDIDATE,iteration=7,candidate_count=265,candidate_sec=0.036499
SELECT,iteration=7,candidate_count=265,selected_count=131,select_impact_sec=0.118368,select_rank_sec=0.000902,select_scan_sec=0.022644,select_remove_sec=0.021957,select_total_sec=0.163126
BATCH,iteration=7,selected_count=131,batch_count=16,batch_queries_sec=0.018042
REROUTE,iteration=7,reroute_query_count=131,reroute_query_sec=0.045536,insert_trajectory_sec=0.017030,reroute_total_sec=0.083884
ITERATION,iteration=7,selected_count=131,time_sec=0.852764
EVALUATE,iteration=8,query_count=1024,time_sec=0.389056
TOTAL_TRAVEL_TIME,iteration=8,query_count=1024,value=25107655
TDG,iteration=8,size=20344,time_sec=0.081978
IMPACT,iteration=8,size=20344,time_sec=0.057702
CANDIDATE,iteration=8,candidate_count=275,candidate_sec=0.035459
SELECT,iteration=8,candidate_count=275,selected_count=136,select_impact_sec=0.115262,select_rank_sec=0.000990,select_scan_sec=0.024502,select_remove_sec=0.023916,select_total_sec=0.162179
BATCH,iteration=8,selected_count=136,batch_count=16,batch_queries_sec=0.026735
REROUTE,iteration=8,reroute_query_count=136,reroute_query_sec=0.048883,insert_trajectory_sec=0.021988,reroute_total_sec=0.092138
ITERATION,iteration=8,selected_count=136,time_sec=0.858474
EVALUATE,iteration=9,query_count=1024,time_sec=0.385440
TOTAL_TRAVEL_TIME,iteration=9,query_count=1024,value=25175104
TDG,iteration=9,size=20168,time_sec=0.084449
IMPACT,iteration=9,size=20168,time_sec=0.060648
CANDIDATE,iteration=9,candidate_count=261,candidate_sec=0.037220
SELECT,iteration=9,candidate_count=261,selected_count=127,select_impact_sec=0.119204,select_rank_sec=0.000922,select_scan_sec=0.023285,select_remove_sec=0.022613,select_total_sec=0.164359
BATCH,iteration=9,selected_count=127,batch_count=16,batch_queries_sec=0.020631
REROUTE,iteration=9,reroute_query_count=127,reroute_query_sec=0.047264,insert_trajectory_sec=0.019216,reroute_total_sec=0.087334
ITERATION,iteration=9,selected_count=127,time_sec=0.853151
EVALUATE,iteration=-1,query_count=1024,time_sec=0.381366
TOTAL_TRAVEL_TIME,iteration=-1,query_count=1024,value=25138023
RUN,iteration=-1,query_count=1024,time_sec=9.633724
GRO Done!
