Graph loaded: 11369 vertices, 36792 edges.
INITIAL_ROUTES,iteration=-1,query_count=1024,time_sec=0.169365
EVALUATE,iteration=0,query_count=1024,time_sec=2.188956
TOTAL_TRAVEL_TIME,iteration=0,query_count=1024,value=61370530
TDG,iteration=0,size=21681,time_sec=0.295248
IMPACT,iteration=0,size=21681,time_sec=0.070696
CANDIDATE,iteration=0,candidate_count=234,candidate_sec=0.052463
SELECT,iteration=0,candidate_count=234,selected_count=115,select_impact_sec=0.140886,select_rank_sec=0.005741,select_scan_sec=0.178474,select_remove_sec=0.175229,select_total_sec=0.347615
BATCH,iteration=0,selected_count=115,batch_count=43,batch_queries_sec=0.180326
REROUTE,iteration=0,reroute_query_count=115,reroute_query_sec=0.117151,insert_trajectory_sec=0.002340,reroute_total_sec=0.141101
ITERATION,iteration=0,selected_count=115,time_sec=3.289561
EVALUATE,iteration=1,query_count=1024,time_sec=1.985972
TOTAL_TRAVEL_TIME,iteration=1,query_count=1024,value=56859628
TDG,iteration=1,size=22891,time_sec=0.246069
IMPACT,iteration=1,size=22891,time_sec=0.073572
CANDIDATE,iteration=1,candidate_count=201,candidate_sec=0.052744
SELECT,iteration=1,candidate_count=201,selected_count=95,select_impact_sec=0.147024,select_rank_sec=0.003710,select_scan_sec=0.116118,select_remove_sec=0.113811,select_total_sec=0.289836
BATCH,iteration=1,selected_count=95,batch_count=33,batch_queries_sec=0.109532
REROUTE,iteration=1,reroute_query_count=95,reroute_query_sec=0.069178,insert_trajectory_sec=0.007185,reroute_total_sec=0.099282
ITERATION,iteration=1,selected_count=95,time_sec=2.870990
EVALUATE,iteration=2,query_count=1024,time_sec=1.597762
TOTAL_TRAVEL_TIME,iteration=2,query_count=1024,value=54729834
TDG,iteration=2,size=25115,time_sec=0.211500
IMPACT,iteration=2,size=25115,time_sec=0.077688
CANDIDATE,iteration=2,candidate_count=189,candidate_sec=0.052379
SELECT,iteration=2,candidate_count=189,selected_count=88,select_impact_sec=0.153236,select_rank_sec=0.002350,select_scan_sec=0.072538,select_remove_sec=0.071128,select_total_sec=0.252530
BATCH,iteration=2,selected_count=88,batch_count=26,batch_queries_sec=0.062476
REROUTE,iteration=2,reroute_query_count=88,reroute_query_sec=0.058857,insert_trajectory_sec=0.010356,reroute_total_sec=0.094782
ITERATION,iteration=2,selected_count=88,time_sec=2.364671
EVALUATE,iteration=3,query_count=1024,time_sec=1.371834
TOTAL_TRAVEL_TIME,iteration=3,query_count=1024,value=53531270
TDG,iteration=3,size=26354,time_sec=0.198225
IMPACT,iteration=3,size=26354,time_sec=0.081853
CANDIDATE,iteration=3,candidate_count=179,candidate_sec=0.053457
SELECT,iteration=3,candidate_count=179,selected_count=85,select_impact_sec=0.162985,select_rank_sec=0.002058,select_scan_sec=0.061654,select_remove_sec=0.060500,select_total_sec=0.252495
BATCH,iteration=3,selected_count=85,batch_count=21,batch_queries_sec=0.052109
REROUTE,iteration=3,reroute_query_count=85,reroute_query_sec=0.067142,insert_trajectory_sec=0.010790,reroute_total_sec=0.106032
ITERATION,iteration=3,selected_count=85,time_sec=2.131712
EVALUATE,iteration=4,query_count=1024,time_sec=1.218627
TOTAL_TRAVEL_TIME,iteration=4,query_count=1024,value=52497740
TDG,iteration=4,size=27591,time_sec=0.177246
IMPACT,iteration=4,size=27591,time_sec=0.082345
CANDIDATE,iteration=4,candidate_count=311,candidate_sec=0.052450
SELECT,iteration=4,candidate_count=311,selected_count=138,select_impact_sec=0.161792,select_rank_sec=0.002823,select_scan_sec=0.075416,select_remove_sec=0.073801,select_total_sec=0.267007
BATCH,iteration=4,selected_count=138,batch_count=31,batch_queries_sec=0.057716
REROUTE,iteration=4,reroute_query_count=138,reroute_query_sec=0.083961,insert_trajectory_sec=0.022368,reroute_total_sec=0.133038
ITERATION,iteration=4,selected_count=138,time_sec=2.005114
EVALUATE,iteration=5,query_count=1024,time_sec=1.021732
TOTAL_TRAVEL_TIME,iteration=5,query_count=1024,value=50282541
TDG,iteration=5,size=30098,time_sec=0.168843
IMPACT,iteration=5,size=30098,time_sec=0.091067
CANDIDATE,iteration=5,candidate_count=230,candidate_sec=0.057718
SELECT,iteration=5,candidate_count=230,selected_count=106,select_impact_sec=0.181983,select_rank_sec=0.001791,select_scan_sec=0.047508,select_remove_sec=0.046358,select_total_sec=0.260907
BATCH,iteration=5,selected_count=106,batch_count=24,batch_queries_sec=0.042006
REROUTE,iteration=5,reroute_query_count=106,reroute_query_sec=0.062841,insert_trajectory_sec=0.020606,reroute_total_sec=0.112667
ITERATION,iteration=5,selected_count=106,time_sec=1.773033
EVALUATE,iteration=6,query_count=1024,time_sec=0.951417
TOTAL_TRAVEL_TIME,iteration=6,query_count=1024,value=49794480
TDG,iteration=6,size=31759,time_sec=0.168321
IMPACT,iteration=6,size=31759,time_sec=0.097239
CANDIDATE,iteration=6,candidate_count=296,candidate_sec=0.059874
SELECT,iteration=6,candidate_count=296,selected_count=142,select_impact_sec=0.195056,select_rank_sec=0.002204,select_scan_sec=0.062865,select_remove_sec=0.061345,select_total_sec=0.291629
BATCH,iteration=6,selected_count=142,batch_count=34,batch_queries_sec=0.054866
REROUTE,iteration=6,reroute_query_count=142,reroute_query_sec=0.080868,insert_trajectory_sec=0.030335,reroute_total_sec=0.141415
ITERATION,iteration=6,selected_count=142,time_sec=1.783685
EVALUATE,iteration=7,query_count=1024,time_sec=0.946507
TOTAL_TRAVEL_TIME,iteration=7,query_count=1024,value=48981373
TDG,iteration=7,size=32723,time_sec=0.171945
IMPACT,iteration=7,size=32723,time_sec=0.125227
CANDIDATE,iteration=7,candidate_count=237,candidate_sec=0.063165
SELECT,iteration=7,candidate_count=237,selected_count=107,select_impact_sec=0.198487,select_rank_sec=0.001694,select_scan_sec=0.042583,select_remove_sec=0.041270,select_total_sec=0.273643
BATCH,iteration=7,selected_count=107,batch_count=24,batch_queries_sec=0.057005
REROUTE,iteration=7,reroute_query_count=107,reroute_query_sec=0.064958,insert_trajectory_sec=0.023502,reroute_total_sec=0.120245
ITERATION,iteration=7,selected_count=107,time_sec=1.777327
EVALUATE,iteration=8,query_count=1024,time_sec=0.924299
TOTAL_TRAVEL_TIME,iteration=8,query_count=1024,value=49613586
TDG,iteration=8,size=34711,time_sec=0.171750
IMPACT,iteration=8,size=34711,time_sec=0.106506
CANDIDATE,iteration=8,candidate_count=171,candidate_sec=0.066457
SELECT,iteration=8,candidate_count=171,selected_count=76,select_impact_sec=0.211619,select_rank_sec=0.000980,select_scan_sec=0.024985,select_remove_sec=0.024280,select_total_sec=0.271179
BATCH,iteration=8,selected_count=76,batch_count=14,batch_queries_sec=0.022106
REROUTE,iteration=8,reroute_query_count=76,reroute_query_sec=0.036070,insert_trajectory_sec=0.017630,reroute_total_sec=0.086810
ITERATION,iteration=8,selected_count=76,time_sec=1.669278
EVALUATE,iteration=9,query_count=1024,time_sec=0.932734
TOTAL_TRAVEL_TIME,iteration=9,query_count=1024,value=49938001
TDG,iteration=9,size=35075,time_sec=0.176909
IMPACT,iteration=9,size=35075,time_sec=0.108461
CANDIDATE,iteration=9,candidate_count=182,candidate_sec=0.066730
SELECT,iteration=9,candidate_count=182,selected_count=81,select_impact_sec=0.212267,select_rank_sec=0.001172,select_scan_sec=0.028117,select_remove_sec=0.027213,select_total_sec=0.275028
BATCH,iteration=9,selected_count=81,batch_count=17,batch_queries_sec=0.028577
REROUTE,iteration=9,reroute_query_count=81,reroute_query_sec=0.044932,insert_trajectory_sec=0.020551,reroute_total_sec=0.098700
ITERATION,iteration=9,selected_count=81,time_sec=1.708642
EVALUATE,iteration=-1,query_count=1024,time_sec=0.936562
TOTAL_TRAVEL_TIME,iteration=-1,query_count=1024,value=50094240
RUN,iteration=-1,query_count=1024,time_sec=22.588033
GRO Done!
