Graph loaded: 11369 vertices, 36792 edges.
INITIAL_ROUTES,iteration=-1,query_count=4096,time_sec=0.633784
EVALUATE,iteration=0,query_count=4096,time_sec=13.164203
TOTAL_TRAVEL_TIME,iteration=0,query_count=4096,value=302905825
TDG,iteration=0,size=43437,time_sec=1.912243
IMPACT,iteration=0,size=43437,time_sec=0.159660
CANDIDATE,iteration=0,candidate_count=754,candidate_sec=0.185657
SELECT,iteration=0,candidate_count=754,selected_count=236,select_impact_sec=0.320025,select_rank_sec=0.034089,select_scan_sec=0.628150,select_remove_sec=0.617459,select_total_sec=1.027235
BATCH,iteration=0,selected_count=236,batch_count=120,batch_queries_sec=1.038269
REROUTE,iteration=0,reroute_query_count=236,reroute_query_sec=0.239619,insert_trajectory_sec=0.004553,reroute_total_sec=0.287480
ITERATION,iteration=0,selected_count=236,time_sec=17.806718
EVALUATE,iteration=1,query_count=4096,time_sec=13.887972
TOTAL_TRAVEL_TIME,iteration=1,query_count=4096,value=298234457
TDG,iteration=1,size=49843,time_sec=1.673651
IMPACT,iteration=1,size=49843,time_sec=0.195195
CANDIDATE,iteration=1,candidate_count=640,candidate_sec=0.181735
SELECT,iteration=1,candidate_count=640,selected_count=224,select_impact_sec=0.624115,select_rank_sec=0.044287,select_scan_sec=0.682124,select_remove_sec=0.671408,select_total_sec=1.406373
BATCH,iteration=1,selected_count=224,batch_count=82,batch_queries_sec=1.073274
REROUTE,iteration=1,reroute_query_count=224,reroute_query_sec=0.178608,insert_trajectory_sec=0.021081,reroute_total_sec=0.249254
ITERATION,iteration=1,selected_count=224,time_sec=18.708246
EVALUATE,iteration=2,query_count=4096,time_sec=13.112844
TOTAL_TRAVEL_TIME,iteration=2,query_count=4096,value=294910627
TDG,iteration=2,size=60761,time_sec=1.635641
IMPACT,iteration=2,size=60761,time_sec=0.289092
CANDIDATE,iteration=2,candidate_count=673,candidate_sec=0.410156
SELECT,iteration=2,candidate_count=673,selected_count=233,select_impact_sec=0.685244,select_rank_sec=0.043650,select_scan_sec=0.823816,select_remove_sec=0.810342,select_total_sec=1.654327
BATCH,iteration=2,selected_count=233,batch_count=97,batch_queries_sec=2.368668
REROUTE,iteration=2,reroute_query_count=233,reroute_query_sec=0.232483,insert_trajectory_sec=0.044477,reroute_total_sec=0.332799
ITERATION,iteration=2,selected_count=233,time_sec=19.844851
EVALUATE,iteration=3,query_count=4096,time_sec=12.191354
TOTAL_TRAVEL_TIME,iteration=3,query_count=4096,value=292587631
TDG,iteration=3,size=70984,time_sec=1.497591
IMPACT,iteration=3,size=70984,time_sec=0.237316
CANDIDATE,iteration=3,candidate_count=527,candidate_sec=0.208228
SELECT,iteration=3,candidate_count=527,selected_count=262,select_impact_sec=0.477080,select_rank_sec=0.016689,select_scan_sec=0.557433,select_remove_sec=0.548974,select_total_sec=1.115492
BATCH,iteration=3,selected_count=262,batch_count=85,batch_queries_sec=0.646582
REROUTE,iteration=3,reroute_query_count=262,reroute_query_sec=0.300958,insert_trajectory_sec=0.054175,reroute_total_sec=0.421804
ITERATION,iteration=3,selected_count=262,time_sec=16.364819
EVALUATE,iteration=4,query_count=4096,time_sec=11.861693
TOTAL_TRAVEL_TIME,iteration=4,query_count=4096,value=295443355
TDG,iteration=4,size=85774,time_sec=1.427396
IMPACT,iteration=4,size=85774,time_sec=0.285909
CANDIDATE,iteration=4,candidate_count=604,candidate_sec=0.226098
SELECT,iteration=4,candidate_count=604,selected_count=295,select_impact_sec=0.549593,select_rank_sec=0.020179,select_scan_sec=0.639307,select_remove_sec=0.630025,select_total_sec=1.286915
BATCH,iteration=4,selected_count=295,batch_count=64,batch_queries_sec=1.352934
REROUTE,iteration=4,reroute_query_count=295,reroute_query_sec=0.199991,insert_trajectory_sec=0.118834,reroute_total_sec=0.397081
ITERATION,iteration=4,selected_count=295,time_sec=16.891052
EVALUATE,iteration=5,query_count=4096,time_sec=11.322402
TOTAL_TRAVEL_TIME,iteration=5,query_count=4096,value=299452512
TDG,iteration=5,size=98119,time_sec=1.435362
IMPACT,iteration=5,size=98119,time_sec=0.323826
CANDIDATE,iteration=5,candidate_count=721,candidate_sec=0.247199
SELECT,iteration=5,candidate_count=721,selected_count=349,select_impact_sec=0.642014,select_rank_sec=0.019616,select_scan_sec=0.596291,select_remove_sec=0.584064,select_total_sec=1.349404
BATCH,iteration=5,selected_count=349,batch_count=132,batch_queries_sec=1.521790
REROUTE,iteration=5,reroute_query_count=349,reroute_query_sec=0.577290,insert_trajectory_sec=0.177460,reroute_total_sec=0.846111
ITERATION,iteration=5,selected_count=349,time_sec=17.104903
EVALUATE,iteration=6,query_count=4096,time_sec=11.314590
TOTAL_TRAVEL_TIME,iteration=6,query_count=4096,value=308315862
TDG,iteration=6,size=119305,time_sec=1.431065
IMPACT,iteration=6,size=119305,time_sec=0.394687
CANDIDATE,iteration=6,candidate_count=736,candidate_sec=0.283348
SELECT,iteration=6,candidate_count=736,selected_count=146,select_impact_sec=1.963105,select_rank_sec=0.066327,select_scan_sec=0.395102,select_remove_sec=0.389464,select_total_sec=2.534134
BATCH,iteration=6,selected_count=146,batch_count=99,batch_queries_sec=2.086614
REROUTE,iteration=6,reroute_query_count=146,reroute_query_sec=0.263560,insert_trajectory_sec=0.036516,reroute_total_sec=0.403646
ITERATION,iteration=6,selected_count=146,time_sec=18.517692
EVALUATE,iteration=7,query_count=4096,time_sec=10.809585
TOTAL_TRAVEL_TIME,iteration=7,query_count=4096,value=310716015
TDG,iteration=7,size=128104,time_sec=1.569935
IMPACT,iteration=7,size=128104,time_sec=0.432727
CANDIDATE,iteration=7,candidate_count=608,candidate_sec=0.311273
SELECT,iteration=7,candidate_count=608,selected_count=288,select_impact_sec=0.855636,select_rank_sec=0.014592,select_scan_sec=0.460747,select_remove_sec=0.452242,select_total_sec=1.447198
BATCH,iteration=7,selected_count=288,batch_count=62,batch_queries_sec=0.900480
REROUTE,iteration=7,reroute_query_count=288,reroute_query_sec=0.226154,insert_trajectory_sec=0.124987,reroute_total_sec=0.466907
ITERATION,iteration=7,selected_count=288,time_sec=16.012345
EVALUATE,iteration=8,query_count=4096,time_sec=10.497409
TOTAL_TRAVEL_TIME,iteration=8,query_count=4096,value=308560334
TDG,iteration=8,size=136499,time_sec=1.409795
IMPACT,iteration=8,size=136499,time_sec=0.459197
CANDIDATE,iteration=8,candidate_count=715,candidate_sec=0.343940
SELECT,iteration=8,candidate_count=715,selected_count=200,select_impact_sec=0.903721,select_rank_sec=0.021725,select_scan_sec=0.479751,select_remove_sec=0.471764,select_total_sec=1.525269
BATCH,iteration=8,selected_count=200,batch_count=59,batch_queries_sec=0.978699
REROUTE,iteration=8,reroute_query_count=200,reroute_query_sec=0.276738,insert_trajectory_sec=0.120198,reroute_total_sec=0.517666
ITERATION,iteration=8,selected_count=200,time_sec=15.810641
EVALUATE,iteration=9,query_count=4096,time_sec=10.133979
TOTAL_TRAVEL_TIME,iteration=9,query_count=4096,value=316167238
TDG,iteration=9,size=147243,time_sec=1.394837
IMPACT,iteration=9,size=147243,time_sec=0.514815
CANDIDATE,iteration=9,candidate_count=796,candidate_sec=0.331662
SELECT,iteration=9,candidate_count=796,selected_count=364,select_impact_sec=0.969600,select_rank_sec=0.018283,select_scan_sec=0.530960,select_remove_sec=0.520625,select_total_sec=1.649289
BATCH,iteration=9,selected_count=364,batch_count=88,batch_queries_sec=1.271737
REROUTE,iteration=9,reroute_query_count=364,reroute_query_sec=0.364072,insert_trajectory_sec=0.224374,reroute_total_sec=0.723656
ITERATION,iteration=9,selected_count=364,time_sec=16.103249
EVALUATE,iteration=-1,query_count=4096,time_sec=9.738920
TOTAL_TRAVEL_TIME,iteration=-1,query_count=4096,value=321826817
RUN,iteration=-1,query_count=4096,time_sec=183.908046
GRO Done!
