Graph loaded: 11369 vertices, 36792 edges.
INITIAL_ROUTES,iteration=-1,query_count=2048,time_sec=0.283714
EVALUATE,iteration=0,query_count=2048,time_sec=6.501762
TOTAL_TRAVEL_TIME,iteration=0,query_count=2048,value=142045298
TDG,iteration=0,size=35754,time_sec=0.846242
IMPACT,iteration=0,size=35754,time_sec=0.122141
CANDIDATE,iteration=0,candidate_count=481,candidate_sec=0.131484
SELECT,iteration=0,candidate_count=481,selected_count=148,select_impact_sec=0.277036,select_rank_sec=0.020381,select_scan_sec=0.495645,select_remove_sec=0.488004,select_total_sec=0.866873
BATCH,iteration=0,selected_count=148,batch_count=94,batch_queries_sec=0.817071
REROUTE,iteration=0,reroute_query_count=148,reroute_query_sec=0.178757,insert_trajectory_sec=0.002509,reroute_total_sec=0.216087
ITERATION,iteration=0,selected_count=148,time_sec=9.523807
EVALUATE,iteration=1,query_count=2048,time_sec=6.697323
TOTAL_TRAVEL_TIME,iteration=1,query_count=2048,value=136874570
TDG,iteration=1,size=39423,time_sec=0.773021
IMPACT,iteration=1,size=39423,time_sec=0.133673
CANDIDATE,iteration=1,candidate_count=367,candidate_sec=0.114486
SELECT,iteration=1,candidate_count=367,selected_count=164,select_impact_sec=0.263059,select_rank_sec=0.011781,select_scan_sec=0.376076,select_remove_sec=0.369363,select_total_sec=0.689151
BATCH,iteration=1,selected_count=164,batch_count=50,batch_queries_sec=0.370289
REROUTE,iteration=1,reroute_query_count=164,reroute_query_sec=0.106619,insert_trajectory_sec=0.013288,reroute_total_sec=0.156947
ITERATION,iteration=1,selected_count=164,time_sec=8.958874
EVALUATE,iteration=2,query_count=2048,time_sec=6.206772
TOTAL_TRAVEL_TIME,iteration=2,query_count=2048,value=133229911
TDG,iteration=2,size=46130,time_sec=0.721627
IMPACT,iteration=2,size=46130,time_sec=0.145413
CANDIDATE,iteration=2,candidate_count=340,candidate_sec=0.118609
SELECT,iteration=2,candidate_count=340,selected_count=162,select_impact_sec=0.292017,select_rank_sec=0.011944,select_scan_sec=0.386408,select_remove_sec=0.380825,select_total_sec=0.732195
BATCH,iteration=2,selected_count=162,batch_count=57,batch_queries_sec=0.535728
REROUTE,iteration=2,reroute_query_count=162,reroute_query_sec=0.128078,insert_trajectory_sec=0.017799,reroute_total_sec=0.189749
ITERATION,iteration=2,selected_count=162,time_sec=8.677072
EVALUATE,iteration=3,query_count=2048,time_sec=5.458635
TOTAL_TRAVEL_TIME,iteration=3,query_count=2048,value=131018294
TDG,iteration=3,size=52255,time_sec=0.654079
IMPACT,iteration=3,size=52255,time_sec=0.162864
CANDIDATE,iteration=3,candidate_count=285,candidate_sec=0.124431
SELECT,iteration=3,candidate_count=285,selected_count=99,select_impact_sec=0.326234,select_rank_sec=0.007814,select_scan_sec=0.274391,select_remove_sec=0.270597,select_total_sec=0.656100
BATCH,iteration=3,selected_count=99,batch_count=53,batch_queries_sec=0.402126
REROUTE,iteration=3,reroute_query_count=99,reroute_query_sec=0.124605,insert_trajectory_sec=0.022221,reroute_total_sec=0.193397
ITERATION,iteration=3,selected_count=99,time_sec=7.682099
EVALUATE,iteration=4,query_count=2048,time_sec=4.863026
TOTAL_TRAVEL_TIME,iteration=4,query_count=2048,value=130395418
TDG,iteration=4,size=55324,time_sec=0.602429
IMPACT,iteration=4,size=55324,time_sec=0.174194
CANDIDATE,iteration=4,candidate_count=351,candidate_sec=0.124756
SELECT,iteration=4,candidate_count=351,selected_count=167,select_impact_sec=0.345442,select_rank_sec=0.007156,select_scan_sec=0.222213,select_remove_sec=0.218774,select_total_sec=0.623127
BATCH,iteration=4,selected_count=167,batch_count=35,batch_queries_sec=0.222402
REROUTE,iteration=4,reroute_query_count=167,reroute_query_sec=0.094385,insert_trajectory_sec=0.042531,reroute_total_sec=0.185245
ITERATION,iteration=4,selected_count=167,time_sec=6.826406
EVALUATE,iteration=5,query_count=2048,time_sec=4.407878
TOTAL_TRAVEL_TIME,iteration=5,query_count=2048,value=129802209
TDG,iteration=5,size=58898,time_sec=0.575351
IMPACT,iteration=5,size=58898,time_sec=0.182075
CANDIDATE,iteration=5,candidate_count=259,candidate_sec=0.130940
SELECT,iteration=5,candidate_count=259,selected_count=120,select_impact_sec=0.362107,select_rank_sec=0.004712,select_scan_sec=0.147169,select_remove_sec=0.144725,select_total_sec=0.566276
BATCH,iteration=5,selected_count=120,batch_count=31,batch_queries_sec=0.140920
REROUTE,iteration=5,reroute_query_count=120,reroute_query_sec=0.083029,insert_trajectory_sec=0.026921,reroute_total_sec=0.163531
ITERATION,iteration=5,selected_count=120,time_sec=6.200103
EVALUATE,iteration=6,query_count=2048,time_sec=4.044320
TOTAL_TRAVEL_TIME,iteration=6,query_count=2048,value=129135758
TDG,iteration=6,size=60295,time_sec=0.536017
IMPACT,iteration=6,size=60295,time_sec=0.188661
CANDIDATE,iteration=6,candidate_count=399,candidate_sec=0.124862
SELECT,iteration=6,candidate_count=399,selected_count=185,select_impact_sec=0.370796,select_rank_sec=0.007954,select_scan_sec=0.245830,select_remove_sec=0.241860,select_total_sec=0.677733
BATCH,iteration=6,selected_count=185,batch_count=45,batch_queries_sec=0.379576
REROUTE,iteration=6,reroute_query_count=185,reroute_query_sec=0.127161,insert_trajectory_sec=0.055245,reroute_total_sec=0.235349
ITERATION,iteration=6,selected_count=185,time_sec=6.221135
EVALUATE,iteration=7,query_count=2048,time_sec=3.652843
TOTAL_TRAVEL_TIME,iteration=7,query_count=2048,value=127874439
TDG,iteration=7,size=63722,time_sec=0.493797
IMPACT,iteration=7,size=63722,time_sec=0.197597
CANDIDATE,iteration=7,candidate_count=447,candidate_sec=0.129316
SELECT,iteration=7,candidate_count=447,selected_count=190,select_impact_sec=0.401436,select_rank_sec=0.005940,select_scan_sec=0.188562,select_remove_sec=0.184960,select_total_sec=0.653714
BATCH,iteration=7,selected_count=190,batch_count=38,batch_queries_sec=0.124791
REROUTE,iteration=7,reroute_query_count=190,reroute_query_sec=0.127160,insert_trajectory_sec=0.085907,reroute_total_sec=0.269377
ITERATION,iteration=7,selected_count=190,time_sec=5.557447
EVALUATE,iteration=8,query_count=2048,time_sec=3.378279
TOTAL_TRAVEL_TIME,iteration=8,query_count=2048,value=128019411
TDG,iteration=8,size=67364,time_sec=0.469214
IMPACT,iteration=8,size=67364,time_sec=0.206576
CANDIDATE,iteration=8,candidate_count=634,candidate_sec=0.128521
SELECT,iteration=8,candidate_count=634,selected_count=284,select_impact_sec=0.409263,select_rank_sec=0.011363,select_scan_sec=0.329695,select_remove_sec=0.323694,select_total_sec=0.811828
BATCH,iteration=8,selected_count=284,batch_count=43,batch_queries_sec=0.550423
REROUTE,iteration=8,reroute_query_count=284,reroute_query_sec=0.186889,insert_trajectory_sec=0.135680,reroute_total_sec=0.384000
ITERATION,iteration=8,selected_count=284,time_sec=5.967941
EVALUATE,iteration=9,query_count=2048,time_sec=2.949228
TOTAL_TRAVEL_TIME,iteration=9,query_count=2048,value=124891316
TDG,iteration=9,size=71388,time_sec=0.440804
IMPACT,iteration=9,size=71388,time_sec=0.220250
CANDIDATE,iteration=9,candidate_count=549,candidate_sec=0.135705
SELECT,iteration=9,candidate_count=549,selected_count=250,select_impact_sec=0.430647,select_rank_sec=0.007484,select_scan_sec=0.219218,select_remove_sec=0.214970,select_total_sec=0.720571
BATCH,iteration=9,selected_count=250,batch_count=34,batch_queries_sec=0.243510
REROUTE,iteration=9,reroute_query_count=250,reroute_query_sec=0.140024,insert_trajectory_sec=0.099447,reroute_total_sec=0.302250
ITERATION,iteration=9,selected_count=250,time_sec=5.054820
EVALUATE,iteration=-1,query_count=2048,time_sec=2.707499
TOTAL_TRAVEL_TIME,iteration=-1,query_count=2048,value=125369245
RUN,iteration=-1,query_count=2048,time_sec=73.857835
GRO Done!
