Graph loaded: 11369 vertices, 36792 edges.
INITIAL_ROUTES,iteration=-1,query_count=2048,time_sec=0.405412
EVALUATE,iteration=0,query_count=2048,time_sec=4.528945
TOTAL_TRAVEL_TIME,iteration=0,query_count=2048,value=183334760
TDG,iteration=0,size=74867,time_sec=0.676378
IMPACT,iteration=0,size=74867,time_sec=0.251251
CANDIDATE,iteration=0,candidate_count=366,candidate_sec=0.167604
SELECT,iteration=0,candidate_count=366,selected_count=174,select_impact_sec=0.489532,select_rank_sec=0.006911,select_scan_sec=0.208543,select_remove_sec=0.204929,select_total_sec=0.772233
BATCH,iteration=0,selected_count=174,batch_count=36,batch_queries_sec=0.220996
REROUTE,iteration=0,reroute_query_count=174,reroute_query_sec=0.106853,insert_trajectory_sec=0.000414,reroute_total_sec=0.173625
ITERATION,iteration=0,selected_count=174,time_sec=6.833959
EVALUATE,iteration=1,query_count=2048,time_sec=4.241935
TOTAL_TRAVEL_TIME,iteration=1,query_count=2048,value=170626215
TDG,iteration=1,size=77013,time_sec=0.590889
IMPACT,iteration=1,size=77013,time_sec=0.252824
CANDIDATE,iteration=1,candidate_count=321,candidate_sec=0.182573
SELECT,iteration=1,candidate_count=321,selected_count=29,select_impact_sec=0.546089,select_rank_sec=0.006202,select_scan_sec=0.065198,select_remove_sec=0.064079,select_total_sec=0.720722
BATCH,iteration=1,selected_count=29,batch_count=17,batch_queries_sec=0.065627
REROUTE,iteration=1,reroute_query_count=29,reroute_query_sec=0.053444,insert_trajectory_sec=0.000093,reroute_total_sec=0.120616
ITERATION,iteration=1,selected_count=29,time_sec=6.218657
EVALUATE,iteration=2,query_count=2048,time_sec=4.136287
TOTAL_TRAVEL_TIME,iteration=2,query_count=2048,value=167877832
TDG,iteration=2,size=78369,time_sec=0.584740
IMPACT,iteration=2,size=78369,time_sec=0.252308
CANDIDATE,iteration=2,candidate_count=321,candidate_sec=0.163543
SELECT,iteration=2,candidate_count=321,selected_count=29,select_impact_sec=0.511170,select_rank_sec=0.006248,select_scan_sec=0.063628,select_remove_sec=0.062671,select_total_sec=0.650094
BATCH,iteration=2,selected_count=29,batch_count=14,batch_queries_sec=0.063844
REROUTE,iteration=2,reroute_query_count=29,reroute_query_sec=0.044574,insert_trajectory_sec=0.000246,reroute_total_sec=0.112434
ITERATION,iteration=2,selected_count=29,time_sec=6.006833
EVALUATE,iteration=3,query_count=2048,time_sec=4.070648
TOTAL_TRAVEL_TIME,iteration=3,query_count=2048,value=164407942
TDG,iteration=3,size=78612,time_sec=0.562689
IMPACT,iteration=3,size=78612,time_sec=0.255545
CANDIDATE,iteration=3,candidate_count=433,candidate_sec=0.158472
SELECT,iteration=3,candidate_count=433,selected_count=196,select_impact_sec=0.509262,select_rank_sec=0.010259,select_scan_sec=0.276615,select_remove_sec=0.271964,select_total_sec=0.865707
BATCH,iteration=3,selected_count=196,batch_count=26,batch_queries_sec=0.397555
REROUTE,iteration=3,reroute_query_count=196,reroute_query_sec=0.124836,insert_trajectory_sec=0.001059,reroute_total_sec=0.194323
ITERATION,iteration=3,selected_count=196,time_sec=6.550011
EVALUATE,iteration=4,query_count=2048,time_sec=3.130141
TOTAL_TRAVEL_TIME,iteration=4,query_count=2048,value=145801447
TDG,iteration=4,size=81235,time_sec=0.469375
IMPACT,iteration=4,size=81235,time_sec=0.259279
CANDIDATE,iteration=4,candidate_count=420,candidate_sec=0.156285
SELECT,iteration=4,candidate_count=420,selected_count=193,select_impact_sec=0.507193,select_rank_sec=0.007007,select_scan_sec=0.186891,select_remove_sec=0.183215,select_total_sec=0.773355
BATCH,iteration=4,selected_count=193,batch_count=30,batch_queries_sec=0.242632
REROUTE,iteration=4,reroute_query_count=193,reroute_query_sec=0.128738,insert_trajectory_sec=0.002918,reroute_total_sec=0.201023
ITERATION,iteration=4,selected_count=193,time_sec=5.278096
EVALUATE,iteration=5,query_count=2048,time_sec=2.591383
TOTAL_TRAVEL_TIME,iteration=5,query_count=2048,value=132309975
TDG,iteration=5,size=83479,time_sec=0.423084
IMPACT,iteration=5,size=83479,time_sec=0.263626
CANDIDATE,iteration=5,candidate_count=749,candidate_sec=0.156536
SELECT,iteration=5,candidate_count=749,selected_count=343,select_impact_sec=0.514547,select_rank_sec=0.010508,select_scan_sec=0.281003,select_remove_sec=0.275418,select_total_sec=0.878885
BATCH,iteration=5,selected_count=343,batch_count=33,batch_queries_sec=0.374018
REROUTE,iteration=5,reroute_query_count=343,reroute_query_sec=0.229401,insert_trajectory_sec=0.010096,reroute_total_sec=0.311018
ITERATION,iteration=5,selected_count=343,time_sec=5.046024
EVALUATE,iteration=6,query_count=2048,time_sec=2.091902
TOTAL_TRAVEL_TIME,iteration=6,query_count=2048,value=114900015
TDG,iteration=6,size=87046,time_sec=0.385981
IMPACT,iteration=6,size=87046,time_sec=0.270354
CANDIDATE,iteration=6,candidate_count=645,candidate_sec=0.157794
SELECT,iteration=6,candidate_count=645,selected_count=276,select_impact_sec=0.530244,select_rank_sec=0.006170,select_scan_sec=0.147923,select_remove_sec=0.144388,select_total_sec=0.759418
BATCH,iteration=6,selected_count=276,batch_count=25,batch_queries_sec=0.206467
REROUTE,iteration=6,reroute_query_count=276,reroute_query_sec=0.198052,insert_trajectory_sec=0.011038,reroute_total_sec=0.283207
ITERATION,iteration=6,selected_count=276,time_sec=4.205217
EVALUATE,iteration=7,query_count=2048,time_sec=1.838782
TOTAL_TRAVEL_TIME,iteration=7,query_count=2048,value=107545734
TDG,iteration=7,size=89449,time_sec=0.373256
IMPACT,iteration=7,size=89449,time_sec=0.277886
CANDIDATE,iteration=7,candidate_count=1046,candidate_sec=0.162617
SELECT,iteration=7,candidate_count=1046,selected_count=455,select_impact_sec=0.551404,select_rank_sec=0.009142,select_scan_sec=0.221708,select_remove_sec=0.216358,select_total_sec=0.861441
BATCH,iteration=7,selected_count=455,batch_count=24,batch_queries_sec=0.375413
REROUTE,iteration=7,reroute_query_count=455,reroute_query_sec=0.377691,insert_trajectory_sec=0.021276,reroute_total_sec=0.478676
ITERATION,iteration=7,selected_count=455,time_sec=4.419817
EVALUATE,iteration=8,query_count=2048,time_sec=1.580951
TOTAL_TRAVEL_TIME,iteration=8,query_count=2048,value=100559980
TDG,iteration=8,size=92602,time_sec=0.344927
IMPACT,iteration=8,size=92602,time_sec=0.280451
CANDIDATE,iteration=8,candidate_count=1065,candidate_sec=0.163465
SELECT,iteration=8,candidate_count=1065,selected_count=468,select_impact_sec=0.561745,select_rank_sec=0.007274,select_scan_sec=0.170302,select_remove_sec=0.165950,select_total_sec=0.820661
BATCH,iteration=8,selected_count=468,batch_count=23,batch_queries_sec=0.156484
REROUTE,iteration=8,reroute_query_count=468,reroute_query_sec=0.370788,insert_trajectory_sec=0.027691,reroute_total_sec=0.480165
ITERATION,iteration=8,selected_count=468,time_sec=3.882674
EVALUATE,iteration=9,query_count=2048,time_sec=1.407485
TOTAL_TRAVEL_TIME,iteration=9,query_count=2048,value=98727765
TDG,iteration=9,size=94725,time_sec=0.342677
IMPACT,iteration=9,size=94725,time_sec=0.290413
CANDIDATE,iteration=9,candidate_count=834,candidate_sec=0.168846
SELECT,iteration=9,candidate_count=834,selected_count=358,select_impact_sec=0.578921,select_rank_sec=0.004803,select_scan_sec=0.109200,select_remove_sec=0.106191,select_total_sec=0.776319
BATCH,iteration=9,selected_count=358,batch_count=15,batch_queries_sec=0.064008
REROUTE,iteration=9,reroute_query_count=358,reroute_query_sec=0.285166,insert_trajectory_sec=0.023113,reroute_total_sec=0.389908
ITERATION,iteration=9,selected_count=358,time_sec=3.496914
EVALUATE,iteration=-1,query_count=2048,time_sec=1.323823
TOTAL_TRAVEL_TIME,iteration=-1,query_count=2048,value=97994687
RUN,iteration=-1,query_count=2048,time_sec=53.955366
GRO Done!
