Graph loaded: 11369 vertices, 36792 edges.
INITIAL_ROUTES,iteration=-1,query_count=4096,time_sec=0.792661
EVALUATE,iteration=0,query_count=4096,time_sec=14.123169
TOTAL_TRAVEL_TIME,iteration=0,query_count=4096,value=460985702
TDG,iteration=0,size=107363,time_sec=1.988206
IMPACT,iteration=0,size=107363,time_sec=0.370680
CANDIDATE,iteration=0,candidate_count=285,candidate_sec=0.310284
SELECT,iteration=0,candidate_count=285,selected_count=137,select_impact_sec=0.737808,select_rank_sec=0.010402,select_scan_sec=0.302914,select_remove_sec=0.297061,select_total_sec=1.151190
BATCH,iteration=0,selected_count=137,batch_count=77,batch_queries_sec=0.072443
REROUTE,iteration=0,reroute_query_count=137,reroute_query_sec=0.232312,insert_trajectory_sec=0.000522,reroute_total_sec=0.329808
ITERATION,iteration=0,selected_count=137,time_sec=18.413925
EVALUATE,iteration=1,query_count=4096,time_sec=15.112269
TOTAL_TRAVEL_TIME,iteration=1,query_count=4096,value=447629667
TDG,iteration=1,size=112266,time_sec=1.896178
IMPACT,iteration=1,size=112266,time_sec=0.387233
CANDIDATE,iteration=1,candidate_count=274,candidate_sec=0.315102
SELECT,iteration=1,candidate_count=274,selected_count=63,select_impact_sec=0.762414,select_rank_sec=0.011458,select_scan_sec=0.171443,select_remove_sec=0.167304,select_total_sec=1.047241
BATCH,iteration=1,selected_count=63,batch_count=55,batch_queries_sec=0.086556
REROUTE,iteration=1,reroute_query_count=63,reroute_query_sec=0.181154,insert_trajectory_sec=0.000607,reroute_total_sec=0.282534
ITERATION,iteration=1,selected_count=63,time_sec=19.197689
EVALUATE,iteration=2,query_count=4096,time_sec=15.183277
TOTAL_TRAVEL_TIME,iteration=2,query_count=4096,value=441361432
TDG,iteration=2,size=114662,time_sec=1.950870
IMPACT,iteration=2,size=114662,time_sec=0.392938
CANDIDATE,iteration=2,candidate_count=361,candidate_sec=0.313584
SELECT,iteration=2,candidate_count=361,selected_count=182,select_impact_sec=0.884410,select_rank_sec=0.016275,select_scan_sec=0.577853,select_remove_sec=0.568236,select_total_sec=1.582947
BATCH,iteration=2,selected_count=182,batch_count=74,batch_queries_sec=0.962455
REROUTE,iteration=2,reroute_query_count=182,reroute_query_sec=0.295251,insert_trajectory_sec=0.002738,reroute_total_sec=0.429531
ITERATION,iteration=2,selected_count=182,time_sec=20.886155
EVALUATE,iteration=3,query_count=4096,time_sec=14.390641
TOTAL_TRAVEL_TIME,iteration=3,query_count=4096,value=425595422
TDG,iteration=3,size=122593,time_sec=1.953438
IMPACT,iteration=3,size=122593,time_sec=0.424602
CANDIDATE,iteration=3,candidate_count=251,candidate_sec=0.318833
SELECT,iteration=3,candidate_count=251,selected_count=71,select_impact_sec=0.831925,select_rank_sec=0.015119,select_scan_sec=0.298287,select_remove_sec=0.292805,select_total_sec=1.257412
BATCH,iteration=3,selected_count=71,batch_count=68,batch_queries_sec=0.350032
REROUTE,iteration=3,reroute_query_count=71,reroute_query_sec=0.251132,insert_trajectory_sec=0.001395,reroute_total_sec=0.363868
ITERATION,iteration=3,selected_count=71,time_sec=19.133212
EVALUATE,iteration=4,query_count=4096,time_sec=13.698234
TOTAL_TRAVEL_TIME,iteration=4,query_count=4096,value=419160535
TDG,iteration=4,size=125870,time_sec=1.740584
IMPACT,iteration=4,size=125870,time_sec=0.438359
CANDIDATE,iteration=4,candidate_count=228,candidate_sec=0.332424
SELECT,iteration=4,candidate_count=228,selected_count=106,select_impact_sec=0.865237,select_rank_sec=0.007800,select_scan_sec=0.219498,select_remove_sec=0.214905,select_total_sec=1.232085
BATCH,iteration=4,selected_count=106,batch_count=57,batch_queries_sec=0.029458
REROUTE,iteration=4,reroute_query_count=106,reroute_query_sec=0.213873,insert_trajectory_sec=0.002565,reroute_total_sec=0.329382
ITERATION,iteration=4,selected_count=106,time_sec=17.875459
EVALUATE,iteration=5,query_count=4096,time_sec=13.253072
TOTAL_TRAVEL_TIME,iteration=5,query_count=4096,value=409733186
TDG,iteration=5,size=131290,time_sec=1.668364
IMPACT,iteration=5,size=131290,time_sec=0.446351
CANDIDATE,iteration=5,candidate_count=328,candidate_sec=0.323106
SELECT,iteration=5,candidate_count=328,selected_count=58,select_impact_sec=0.871791,select_rank_sec=0.018350,select_scan_sec=0.262434,select_remove_sec=0.258588,select_total_sec=1.271273
BATCH,iteration=5,selected_count=58,batch_count=34,batch_queries_sec=0.335045
REROUTE,iteration=5,reroute_query_count=58,reroute_query_sec=0.138490,insert_trajectory_sec=0.000776,reroute_total_sec=0.257022
ITERATION,iteration=5,selected_count=58,time_sec=17.632123
EVALUATE,iteration=6,query_count=4096,time_sec=12.767142
TOTAL_TRAVEL_TIME,iteration=6,query_count=4096,value=405037004
TDG,iteration=6,size=134085,time_sec=1.631413
IMPACT,iteration=6,size=134085,time_sec=0.456768
CANDIDATE,iteration=6,candidate_count=491,candidate_sec=0.326643
SELECT,iteration=6,candidate_count=491,selected_count=36,select_impact_sec=0.920386,select_rank_sec=0.022077,select_scan_sec=0.214100,select_remove_sec=0.210936,select_total_sec=1.277999
BATCH,iteration=6,selected_count=36,batch_count=33,batch_queries_sec=0.576090
REROUTE,iteration=6,reroute_query_count=36,reroute_query_sec=0.117765,insert_trajectory_sec=0.001658,reroute_total_sec=0.237443
ITERATION,iteration=6,selected_count=36,time_sec=17.352438
EVALUATE,iteration=7,query_count=4096,time_sec=12.662014
TOTAL_TRAVEL_TIME,iteration=7,query_count=4096,value=401981399
TDG,iteration=7,size=135398,time_sec=1.599253
IMPACT,iteration=7,size=135398,time_sec=0.458701
CANDIDATE,iteration=7,candidate_count=590,candidate_sec=0.326439
SELECT,iteration=7,candidate_count=590,selected_count=269,select_impact_sec=1.374057,select_rank_sec=0.026426,select_scan_sec=0.455771,select_remove_sec=0.447255,select_total_sec=1.979044
BATCH,iteration=7,selected_count=269,batch_count=56,batch_queries_sec=0.623095
REROUTE,iteration=7,reroute_query_count=269,reroute_query_sec=0.240402,insert_trajectory_sec=0.009706,reroute_total_sec=0.371827
ITERATION,iteration=7,selected_count=269,time_sec=18.100581
EVALUATE,iteration=8,query_count=4096,time_sec=11.501476
TOTAL_TRAVEL_TIME,iteration=8,query_count=4096,value=386160777
TDG,iteration=8,size=141914,time_sec=1.504586
IMPACT,iteration=8,size=141914,time_sec=0.504908
CANDIDATE,iteration=8,candidate_count=740,candidate_sec=0.321161
SELECT,iteration=8,candidate_count=740,selected_count=206,select_impact_sec=3.342447,select_rank_sec=0.108938,select_scan_sec=0.731961,select_remove_sec=0.719449,select_total_sec=4.314125
BATCH,iteration=8,selected_count=206,batch_count=76,batch_queries_sec=2.488950
REROUTE,iteration=8,reroute_query_count=206,reroute_query_sec=0.336535,insert_trajectory_sec=0.004987,reroute_total_sec=0.471524
ITERATION,iteration=8,selected_count=206,time_sec=21.189065
EVALUATE,iteration=9,query_count=4096,time_sec=10.478869
TOTAL_TRAVEL_TIME,iteration=9,query_count=4096,value=367545856
TDG,iteration=9,size=149438,time_sec=1.419340
IMPACT,iteration=9,size=149438,time_sec=0.513179
CANDIDATE,iteration=9,candidate_count=478,candidate_sec=0.340915
SELECT,iteration=9,candidate_count=478,selected_count=227,select_impact_sec=0.993650,select_rank_sec=0.016964,select_scan_sec=0.526396,select_remove_sec=0.518109,select_total_sec=1.695449
BATCH,iteration=9,selected_count=227,batch_count=64,batch_queries_sec=1.269358
REROUTE,iteration=9,reroute_query_count=227,reroute_query_sec=0.283378,insert_trajectory_sec=0.009686,reroute_total_sec=0.425575
ITERATION,iteration=9,selected_count=227,time_sec=16.228475
EVALUATE,iteration=-1,query_count=4096,time_sec=10.064934
TOTAL_TRAVEL_TIME,iteration=-1,query_count=4096,value=351392437
RUN,iteration=-1,query_count=4096,time_sec=197.351777
GRO Done!
