Graph loaded: 11369 vertices, 36792 edges.
INITIAL_ROUTES,iteration=-1,query_count=1024,time_sec=0.203932
EVALUATE,iteration=0,query_count=1024,time_sec=1.129801
TOTAL_TRAVEL_TIME,iteration=0,query_count=1024,value=62292886
TDG,iteration=0,size=40064,time_sec=0.219563
IMPACT,iteration=0,size=40064,time_sec=0.131243
CANDIDATE,iteration=0,candidate_count=244,candidate_sec=0.077780
SELECT,iteration=0,candidate_count=244,selected_count=114,select_impact_sec=0.257035,select_rank_sec=0.002785,select_scan_sec=0.075088,select_remove_sec=0.073629,select_total_sec=0.372780
BATCH,iteration=0,selected_count=114,batch_count=15,batch_queries_sec=0.064931
REROUTE,iteration=0,reroute_query_count=114,reroute_query_sec=0.062414,insert_trajectory_sec=0.000248,reroute_total_sec=0.100158
ITERATION,iteration=0,selected_count=114,time_sec=2.119219
EVALUATE,iteration=1,query_count=1024,time_sec=1.135819
TOTAL_TRAVEL_TIME,iteration=1,query_count=1024,value=57647520
TDG,iteration=1,size=40543,time_sec=0.202682
IMPACT,iteration=1,size=40543,time_sec=0.128431
CANDIDATE,iteration=1,candidate_count=196,candidate_sec=0.076838
SELECT,iteration=1,candidate_count=196,selected_count=92,select_impact_sec=0.254512,select_rank_sec=0.001977,select_scan_sec=0.054747,select_remove_sec=0.053630,select_total_sec=0.349019
BATCH,iteration=1,selected_count=92,batch_count=16,batch_queries_sec=0.051046
REROUTE,iteration=1,reroute_query_count=92,reroute_query_sec=0.057202,insert_trajectory_sec=0.000744,reroute_total_sec=0.095557
ITERATION,iteration=1,selected_count=92,time_sec=2.062770
EVALUATE,iteration=2,query_count=1024,time_sec=1.012990
TOTAL_TRAVEL_TIME,iteration=2,query_count=1024,value=54248814
TDG,iteration=2,size=41016,time_sec=0.188975
IMPACT,iteration=2,size=41016,time_sec=0.134058
CANDIDATE,iteration=2,candidate_count=284,candidate_sec=0.080380
SELECT,iteration=2,candidate_count=284,selected_count=131,select_impact_sec=0.287640,select_rank_sec=0.002835,select_scan_sec=0.076795,select_remove_sec=0.075060,select_total_sec=0.406494
BATCH,iteration=2,selected_count=131,batch_count=19,batch_queries_sec=0.117306
REROUTE,iteration=2,reroute_query_count=131,reroute_query_sec=0.093428,insert_trajectory_sec=0.000915,reroute_total_sec=0.132781
ITERATION,iteration=2,selected_count=131,time_sec=2.097976
EVALUATE,iteration=3,query_count=1024,time_sec=0.856574
TOTAL_TRAVEL_TIME,iteration=3,query_count=1024,value=49836683
TDG,iteration=3,size=41815,time_sec=0.174043
IMPACT,iteration=3,size=41815,time_sec=0.127159
CANDIDATE,iteration=3,candidate_count=430,candidate_sec=0.074523
SELECT,iteration=3,candidate_count=430,selected_count=194,select_impact_sec=0.250021,select_rank_sec=0.003614,select_scan_sec=0.086256,select_remove_sec=0.084356,select_total_sec=0.378625
BATCH,iteration=3,selected_count=194,batch_count=20,batch_queries_sec=0.087800
REROUTE,iteration=3,reroute_query_count=194,reroute_query_sec=0.117214,insert_trajectory_sec=0.002105,reroute_total_sec=0.157428
ITERATION,iteration=3,selected_count=194,time_sec=1.880609
EVALUATE,iteration=4,query_count=1024,time_sec=0.732105
TOTAL_TRAVEL_TIME,iteration=4,query_count=1024,value=46058112
TDG,iteration=4,size=43155,time_sec=0.162189
IMPACT,iteration=4,size=43155,time_sec=0.128883
CANDIDATE,iteration=4,candidate_count=532,candidate_sec=0.074901
SELECT,iteration=4,candidate_count=532,selected_count=230,select_impact_sec=0.252973,select_rank_sec=0.003741,select_scan_sec=0.086870,select_remove_sec=0.084685,select_total_sec=0.384307
BATCH,iteration=4,selected_count=230,batch_count=19,batch_queries_sec=0.092459
REROUTE,iteration=4,reroute_query_count=230,reroute_query_sec=0.154742,insert_trajectory_sec=0.005458,reroute_total_sec=0.200058
ITERATION,iteration=4,selected_count=230,time_sec=1.799981
EVALUATE,iteration=5,query_count=1024,time_sec=0.779665
TOTAL_TRAVEL_TIME,iteration=5,query_count=1024,value=44215645
TDG,iteration=5,size=44123,time_sec=0.158775
IMPACT,iteration=5,size=44123,time_sec=0.130118
CANDIDATE,iteration=5,candidate_count=393,candidate_sec=0.076269
SELECT,iteration=5,candidate_count=393,selected_count=182,select_impact_sec=0.256112,select_rank_sec=0.002262,select_scan_sec=0.055706,select_remove_sec=0.054380,select_total_sec=0.355857
BATCH,iteration=5,selected_count=182,batch_count=17,batch_queries_sec=0.040719
REROUTE,iteration=5,reroute_query_count=182,reroute_query_sec=0.119053,insert_trajectory_sec=0.004510,reroute_total_sec=0.164189
ITERATION,iteration=5,selected_count=182,time_sec=1.731555
EVALUATE,iteration=6,query_count=1024,time_sec=0.568195
TOTAL_TRAVEL_TIME,iteration=6,query_count=1024,value=43759169
TDG,iteration=6,size=45072,time_sec=0.155449
IMPACT,iteration=6,size=45072,time_sec=0.131302
CANDIDATE,iteration=6,candidate_count=286,candidate_sec=0.078346
SELECT,iteration=6,candidate_count=286,selected_count=130,select_impact_sec=0.261221,select_rank_sec=0.001325,select_scan_sec=0.030784,select_remove_sec=0.029879,select_total_sec=0.335508
BATCH,iteration=6,selected_count=130,batch_count=11,batch_queries_sec=0.018826
REROUTE,iteration=6,reroute_query_count=130,reroute_query_sec=0.089556,insert_trajectory_sec=0.005471,reroute_total_sec=0.136804
ITERATION,iteration=6,selected_count=130,time_sec=1.451349
EVALUATE,iteration=7,query_count=1024,time_sec=0.533361
TOTAL_TRAVEL_TIME,iteration=7,query_count=1024,value=43560034
TDG,iteration=7,size=45468,time_sec=0.152278
IMPACT,iteration=7,size=45468,time_sec=0.131114
CANDIDATE,iteration=7,candidate_count=338,candidate_sec=0.082615
SELECT,iteration=7,candidate_count=338,selected_count=149,select_impact_sec=0.266573,select_rank_sec=0.001380,select_scan_sec=0.030865,select_remove_sec=0.029847,select_total_sec=0.341691
BATCH,iteration=7,selected_count=149,batch_count=9,batch_queries_sec=0.018044
REROUTE,iteration=7,reroute_query_count=149,reroute_query_sec=0.133970,insert_trajectory_sec=0.005914,reroute_total_sec=0.182437
ITERATION,iteration=7,selected_count=149,time_sec=1.470291
EVALUATE,iteration=8,query_count=1024,time_sec=0.500973
TOTAL_TRAVEL_TIME,iteration=8,query_count=1024,value=43758818
TDG,iteration=8,size=45771,time_sec=0.149312
IMPACT,iteration=8,size=45771,time_sec=0.132342
CANDIDATE,iteration=8,candidate_count=364,candidate_sec=0.078548
SELECT,iteration=8,candidate_count=364,selected_count=152,select_impact_sec=0.258474,select_rank_sec=0.001432,select_scan_sec=0.028520,select_remove_sec=0.027657,select_total_sec=0.330601
BATCH,iteration=8,selected_count=152,batch_count=8,batch_queries_sec=0.016202
REROUTE,iteration=8,reroute_query_count=152,reroute_query_sec=0.114382,insert_trajectory_sec=0.005842,reroute_total_sec=0.161972
ITERATION,iteration=8,selected_count=152,time_sec=1.397028
EVALUATE,iteration=9,query_count=1024,time_sec=0.480362
TOTAL_TRAVEL_TIME,iteration=9,query_count=1024,value=44383594
TDG,iteration=9,size=46412,time_sec=0.148180
IMPACT,iteration=9,size=46412,time_sec=0.129336
CANDIDATE,iteration=9,candidate_count=356,candidate_sec=0.076250
SELECT,iteration=9,candidate_count=356,selected_count=152,select_impact_sec=0.261997,select_rank_sec=0.001299,select_scan_sec=0.027686,select_remove_sec=0.026916,select_total_sec=0.335387
BATCH,iteration=9,selected_count=152,batch_count=9,batch_queries_sec=0.016265
REROUTE,iteration=9,reroute_query_count=152,reroute_query_sec=0.121306,insert_trajectory_sec=0.006914,reroute_total_sec=0.171647
ITERATION,iteration=9,selected_count=152,time_sec=1.388732
EVALUATE,iteration=-1,query_count=1024,time_sec=0.452722
TOTAL_TRAVEL_TIME,iteration=-1,query_count=1024,value=44757950
RUN,iteration=-1,query_count=1024,time_sec=18.213722
GRO Done!
