Graph loaded: 11369 vertices, 36792 edges.
INITIAL_ROUTES,iteration=-1,query_count=1024,time_sec=0.146829
EVALUATE,iteration=0,query_count=1024,time_sec=2.188176
TOTAL_TRAVEL_TIME,iteration=0,query_count=1024,value=61370530
TDG,iteration=0,size=21681,time_sec=0.293353
IMPACT,iteration=0,size=21681,time_sec=0.068926
CANDIDATE,iteration=0,candidate_count=234,candidate_sec=0.052131
SELECT,iteration=0,candidate_count=234,selected_count=115,select_impact_sec=0.137772,select_rank_sec=0.005730,select_scan_sec=0.176847,select_remove_sec=0.173847,select_total_sec=0.343089
BATCH,iteration=0,selected_count=115,batch_count=43,batch_queries_sec=0.152979
REROUTE,iteration=0,reroute_query_count=115,reroute_query_sec=0.082809,insert_trajectory_sec=0.001811,reroute_total_sec=0.106868
ITERATION,iteration=0,selected_count=115,time_sec=3.218968
EVALUATE,iteration=1,query_count=1024,time_sec=1.951605
TOTAL_TRAVEL_TIME,iteration=1,query_count=1024,value=56859628
TDG,iteration=1,size=22891,time_sec=0.238962
IMPACT,iteration=1,size=22891,time_sec=0.070356
CANDIDATE,iteration=1,candidate_count=201,candidate_sec=0.049806
SELECT,iteration=1,candidate_count=201,selected_count=95,select_impact_sec=0.142517,select_rank_sec=0.003655,select_scan_sec=0.113579,select_remove_sec=0.111806,select_total_sec=0.282502
BATCH,iteration=1,selected_count=95,batch_count=33,batch_queries_sec=0.106033
REROUTE,iteration=1,reroute_query_count=95,reroute_query_sec=0.067412,insert_trajectory_sec=0.007056,reroute_total_sec=0.097057
ITERATION,iteration=1,selected_count=95,time_sec=2.810399
EVALUATE,iteration=2,query_count=1024,time_sec=1.578669
TOTAL_TRAVEL_TIME,iteration=2,query_count=1024,value=54729834
TDG,iteration=2,size=25115,time_sec=0.208111
IMPACT,iteration=2,size=25115,time_sec=0.075705
CANDIDATE,iteration=2,candidate_count=189,candidate_sec=0.051754
SELECT,iteration=2,candidate_count=189,selected_count=88,select_impact_sec=0.151649,select_rank_sec=0.002327,select_scan_sec=0.071601,select_remove_sec=0.070400,select_total_sec=0.249855
BATCH,iteration=2,selected_count=88,batch_count=26,batch_queries_sec=0.062382
REROUTE,iteration=2,reroute_query_count=88,reroute_query_sec=0.055578,insert_trajectory_sec=0.009919,reroute_total_sec=0.089767
ITERATION,iteration=2,selected_count=88,time_sec=2.331680
EVALUATE,iteration=3,query_count=1024,time_sec=1.356703
TOTAL_TRAVEL_TIME,iteration=3,query_count=1024,value=53531270
TDG,iteration=3,size=26354,time_sec=0.191439
IMPACT,iteration=3,size=26354,time_sec=0.079633
CANDIDATE,iteration=3,candidate_count=179,candidate_sec=0.052122
SELECT,iteration=3,candidate_count=179,selected_count=85,select_impact_sec=0.154934,select_rank_sec=0.001961,select_scan_sec=0.060746,select_remove_sec=0.059726,select_total_sec=0.243064
BATCH,iteration=3,selected_count=85,batch_count=21,batch_queries_sec=0.050557
REROUTE,iteration=3,reroute_query_count=85,reroute_query_sec=0.046903,insert_trajectory_sec=0.010341,reroute_total_sec=0.082427
ITERATION,iteration=3,selected_count=85,time_sec=2.071977
EVALUATE,iteration=4,query_count=1024,time_sec=1.189024
TOTAL_TRAVEL_TIME,iteration=4,query_count=1024,value=52497740
TDG,iteration=4,size=27591,time_sec=0.176211
IMPACT,iteration=4,size=27591,time_sec=0.082793
CANDIDATE,iteration=4,candidate_count=311,candidate_sec=0.052762
SELECT,iteration=4,candidate_count=311,selected_count=138,select_impact_sec=0.159423,select_rank_sec=0.002761,select_scan_sec=0.074754,select_remove_sec=0.073246,select_total_sec=0.264181
BATCH,iteration=4,selected_count=138,batch_count=31,batch_queries_sec=0.055881
REROUTE,iteration=4,reroute_query_count=138,reroute_query_sec=0.074129,insert_trajectory_sec=0.021665,reroute_total_sec=0.122631
ITERATION,iteration=4,selected_count=138,time_sec=1.959794
EVALUATE,iteration=5,query_count=1024,time_sec=1.015300
TOTAL_TRAVEL_TIME,iteration=5,query_count=1024,value=50282541
TDG,iteration=5,size=30098,time_sec=0.163158
IMPACT,iteration=5,size=30098,time_sec=0.088075
CANDIDATE,iteration=5,candidate_count=230,candidate_sec=0.055255
SELECT,iteration=5,candidate_count=230,selected_count=106,select_impact_sec=0.175716,select_rank_sec=0.001752,select_scan_sec=0.046838,select_remove_sec=0.045880,select_total_sec=0.253949
BATCH,iteration=5,selected_count=106,batch_count=24,batch_queries_sec=0.040771
REROUTE,iteration=5,reroute_query_count=106,reroute_query_sec=0.058194,insert_trajectory_sec=0.019918,reroute_total_sec=0.107733
ITERATION,iteration=5,selected_count=106,time_sec=1.745608
EVALUATE,iteration=6,query_count=1024,time_sec=0.933593
TOTAL_TRAVEL_TIME,iteration=6,query_count=1024,value=49794480
TDG,iteration=6,size=31759,time_sec=0.159527
IMPACT,iteration=6,size=31759,time_sec=0.094916
CANDIDATE,iteration=6,candidate_count=296,candidate_sec=0.059198
SELECT,iteration=6,candidate_count=296,selected_count=142,select_impact_sec=0.185244,select_rank_sec=0.002128,select_scan_sec=0.061812,select_remove_sec=0.060565,select_total_sec=0.279565
BATCH,iteration=6,selected_count=142,batch_count=34,batch_queries_sec=0.052981
REROUTE,iteration=6,reroute_query_count=142,reroute_query_sec=0.078967,insert_trajectory_sec=0.029892,reroute_total_sec=0.138528
ITERATION,iteration=6,selected_count=142,time_sec=1.736666
EVALUATE,iteration=7,query_count=1024,time_sec=0.910973
TOTAL_TRAVEL_TIME,iteration=7,query_count=1024,value=48981373
TDG,iteration=7,size=32723,time_sec=0.161489
IMPACT,iteration=7,size=32723,time_sec=0.094933
CANDIDATE,iteration=7,candidate_count=237,candidate_sec=0.058518
SELECT,iteration=7,candidate_count=237,selected_count=107,select_impact_sec=0.188898,select_rank_sec=0.001600,select_scan_sec=0.041273,select_remove_sec=0.040316,select_total_sec=0.264484
BATCH,iteration=7,selected_count=107,batch_count=24,batch_queries_sec=0.054220
REROUTE,iteration=7,reroute_query_count=107,reroute_query_sec=0.062278,insert_trajectory_sec=0.023033,reroute_total_sec=0.115543
ITERATION,iteration=7,selected_count=107,time_sec=1.679599
EVALUATE,iteration=8,query_count=1024,time_sec=0.908072
TOTAL_TRAVEL_TIME,iteration=8,query_count=1024,value=49613586
TDG,iteration=8,size=34711,time_sec=0.161436
IMPACT,iteration=8,size=34711,time_sec=0.100756
CANDIDATE,iteration=8,candidate_count=171,candidate_sec=0.062515
SELECT,iteration=8,candidate_count=171,selected_count=76,select_impact_sec=0.201603,select_rank_sec=0.000975,select_scan_sec=0.024346,select_remove_sec=0.023744,select_total_sec=0.259936
BATCH,iteration=8,selected_count=76,batch_count=14,batch_queries_sec=0.021334
REROUTE,iteration=8,reroute_query_count=76,reroute_query_sec=0.034879,insert_trajectory_sec=0.017190,reroute_total_sec=0.084073
ITERATION,iteration=8,selected_count=76,time_sec=1.619545
EVALUATE,iteration=9,query_count=1024,time_sec=0.907215
TOTAL_TRAVEL_TIME,iteration=9,query_count=1024,value=49938001
TDG,iteration=9,size=35075,time_sec=0.164618
IMPACT,iteration=9,size=35075,time_sec=0.100598
CANDIDATE,iteration=9,candidate_count=182,candidate_sec=0.062845
SELECT,iteration=9,candidate_count=182,selected_count=81,select_impact_sec=0.203952,select_rank_sec=0.001109,select_scan_sec=0.027290,select_remove_sec=0.026544,select_total_sec=0.266475
BATCH,iteration=9,selected_count=81,batch_count=17,batch_queries_sec=0.027557
REROUTE,iteration=9,reroute_query_count=81,reroute_query_sec=0.042443,insert_trajectory_sec=0.020093,reroute_total_sec=0.095811
ITERATION,iteration=9,selected_count=81,time_sec=1.646294
EVALUATE,iteration=-1,query_count=1024,time_sec=0.908363
TOTAL_TRAVEL_TIME,iteration=-1,query_count=1024,value=50094240
RUN,iteration=-1,query_count=1024,time_sec=21.983721
GRO Done!
