Graph loaded: 11369 vertices, 36792 edges.
INITIAL_ROUTES,iteration=-1,query_count=2048,time_sec=0.268160
EVALUATE,iteration=0,query_count=2048,time_sec=6.406767
TOTAL_TRAVEL_TIME,iteration=0,query_count=2048,value=142045298
TDG,iteration=0,size=35754,time_sec=0.883950
IMPACT,iteration=0,size=35754,time_sec=0.116996
CANDIDATE,iteration=0,candidate_count=481,candidate_sec=0.104904
SELECT,iteration=0,candidate_count=481,selected_count=148,select_impact_sec=0.238986,select_rank_sec=0.020122,select_scan_sec=0.483192,select_remove_sec=0.476717,select_total_sec=0.776714
BATCH,iteration=0,selected_count=148,batch_count=94,batch_queries_sec=0.793298
REROUTE,iteration=0,reroute_query_count=148,reroute_query_sec=0.175473,insert_trajectory_sec=0.002400,reroute_total_sec=0.211803
ITERATION,iteration=0,selected_count=148,time_sec=9.317065
EVALUATE,iteration=1,query_count=2048,time_sec=6.445989
TOTAL_TRAVEL_TIME,iteration=1,query_count=2048,value=136874570
TDG,iteration=1,size=39423,time_sec=0.762867
IMPACT,iteration=1,size=39423,time_sec=0.131177
CANDIDATE,iteration=1,candidate_count=367,candidate_sec=0.111322
SELECT,iteration=1,candidate_count=367,selected_count=164,select_impact_sec=0.255768,select_rank_sec=0.011685,select_scan_sec=0.411416,select_remove_sec=0.405553,select_total_sec=0.716464
BATCH,iteration=1,selected_count=164,batch_count=50,batch_queries_sec=0.348582
REROUTE,iteration=1,reroute_query_count=164,reroute_query_sec=0.106305,insert_trajectory_sec=0.013143,reroute_total_sec=0.157030
ITERATION,iteration=1,selected_count=164,time_sec=8.697264
EVALUATE,iteration=2,query_count=2048,time_sec=5.995156
TOTAL_TRAVEL_TIME,iteration=2,query_count=2048,value=133229911
TDG,iteration=2,size=46130,time_sec=0.729568
IMPACT,iteration=2,size=46130,time_sec=0.150483
CANDIDATE,iteration=2,candidate_count=340,candidate_sec=0.119435
SELECT,iteration=2,candidate_count=340,selected_count=162,select_impact_sec=0.313653,select_rank_sec=0.011937,select_scan_sec=0.386050,select_remove_sec=0.380349,select_total_sec=0.790188
BATCH,iteration=2,selected_count=162,batch_count=57,batch_queries_sec=0.534328
REROUTE,iteration=2,reroute_query_count=162,reroute_query_sec=0.127772,insert_trajectory_sec=0.017904,reroute_total_sec=0.188792
ITERATION,iteration=2,selected_count=162,time_sec=8.535152
EVALUATE,iteration=3,query_count=2048,time_sec=5.490298
TOTAL_TRAVEL_TIME,iteration=3,query_count=2048,value=131018294
TDG,iteration=3,size=52255,time_sec=0.706100
IMPACT,iteration=3,size=52255,time_sec=0.169796
CANDIDATE,iteration=3,candidate_count=285,candidate_sec=0.126984
SELECT,iteration=3,candidate_count=285,selected_count=99,select_impact_sec=0.337681,select_rank_sec=0.007974,select_scan_sec=0.278278,select_remove_sec=0.273996,select_total_sec=0.673344
BATCH,iteration=3,selected_count=99,batch_count=53,batch_queries_sec=0.422410
REROUTE,iteration=3,reroute_query_count=99,reroute_query_sec=0.127899,insert_trajectory_sec=0.022520,reroute_total_sec=0.198962
ITERATION,iteration=3,selected_count=99,time_sec=7.819063
EVALUATE,iteration=4,query_count=2048,time_sec=4.912947
TOTAL_TRAVEL_TIME,iteration=4,query_count=2048,value=130395418
TDG,iteration=4,size=55324,time_sec=0.661151
IMPACT,iteration=4,size=55324,time_sec=0.178125
CANDIDATE,iteration=4,candidate_count=351,candidate_sec=0.124546
SELECT,iteration=4,candidate_count=351,selected_count=167,select_impact_sec=0.349898,select_rank_sec=0.007207,select_scan_sec=0.224119,select_remove_sec=0.220464,select_total_sec=0.630407
BATCH,iteration=4,selected_count=167,batch_count=35,batch_queries_sec=0.228625
REROUTE,iteration=4,reroute_query_count=167,reroute_query_sec=0.094710,insert_trajectory_sec=0.043569,reroute_total_sec=0.188723
ITERATION,iteration=4,selected_count=167,time_sec=6.956005
EVALUATE,iteration=5,query_count=2048,time_sec=4.739403
TOTAL_TRAVEL_TIME,iteration=5,query_count=2048,value=129802209
TDG,iteration=5,size=58898,time_sec=0.596727
IMPACT,iteration=5,size=58898,time_sec=0.194649
CANDIDATE,iteration=5,candidate_count=259,candidate_sec=0.154058
SELECT,iteration=5,candidate_count=259,selected_count=120,select_impact_sec=0.496166,select_rank_sec=0.004914,select_scan_sec=0.152900,select_remove_sec=0.149028,select_total_sec=0.710242
BATCH,iteration=5,selected_count=120,batch_count=31,batch_queries_sec=0.231463
REROUTE,iteration=5,reroute_query_count=120,reroute_query_sec=0.083047,insert_trajectory_sec=0.026908,reroute_total_sec=0.165465
ITERATION,iteration=5,selected_count=120,time_sec=6.828921
EVALUATE,iteration=6,query_count=2048,time_sec=4.089154
TOTAL_TRAVEL_TIME,iteration=6,query_count=2048,value=129135758
TDG,iteration=6,size=60295,time_sec=0.552775
IMPACT,iteration=6,size=60295,time_sec=0.213126
CANDIDATE,iteration=6,candidate_count=399,candidate_sec=0.130477
SELECT,iteration=6,candidate_count=399,selected_count=185,select_impact_sec=0.377231,select_rank_sec=0.008115,select_scan_sec=0.247307,select_remove_sec=0.243081,select_total_sec=0.687617
BATCH,iteration=6,selected_count=185,batch_count=45,batch_queries_sec=0.378612
REROUTE,iteration=6,reroute_query_count=185,reroute_query_sec=0.136243,insert_trajectory_sec=0.056361,reroute_total_sec=0.246697
ITERATION,iteration=6,selected_count=185,time_sec=6.333136
EVALUATE,iteration=7,query_count=2048,time_sec=3.701795
TOTAL_TRAVEL_TIME,iteration=7,query_count=2048,value=127874439
TDG,iteration=7,size=63722,time_sec=0.526678
IMPACT,iteration=7,size=63722,time_sec=0.203850
CANDIDATE,iteration=7,candidate_count=447,candidate_sec=0.134511
SELECT,iteration=7,candidate_count=447,selected_count=190,select_impact_sec=0.415150,select_rank_sec=0.006366,select_scan_sec=0.164196,select_remove_sec=0.160322,select_total_sec=0.645213
BATCH,iteration=7,selected_count=190,batch_count=38,batch_queries_sec=0.147360
REROUTE,iteration=7,reroute_query_count=190,reroute_query_sec=0.136019,insert_trajectory_sec=0.086112,reroute_total_sec=0.280423
ITERATION,iteration=7,selected_count=190,time_sec=5.676306
EVALUATE,iteration=8,query_count=2048,time_sec=3.662536
TOTAL_TRAVEL_TIME,iteration=8,query_count=2048,value=128019411
TDG,iteration=8,size=67364,time_sec=0.486992
IMPACT,iteration=8,size=67364,time_sec=0.223741
CANDIDATE,iteration=8,candidate_count=634,candidate_sec=0.133918
SELECT,iteration=8,candidate_count=634,selected_count=284,select_impact_sec=0.419608,select_rank_sec=0.011589,select_scan_sec=0.332081,select_remove_sec=0.325889,select_total_sec=0.822451
BATCH,iteration=8,selected_count=284,batch_count=43,batch_queries_sec=0.566014
REROUTE,iteration=8,reroute_query_count=284,reroute_query_sec=0.163423,insert_trajectory_sec=0.128418,reroute_total_sec=0.352939
ITERATION,iteration=8,selected_count=284,time_sec=6.286526
EVALUATE,iteration=9,query_count=2048,time_sec=3.011182
TOTAL_TRAVEL_TIME,iteration=9,query_count=2048,value=124891316
TDG,iteration=9,size=71388,time_sec=0.434805
IMPACT,iteration=9,size=71388,time_sec=0.219838
CANDIDATE,iteration=9,candidate_count=549,candidate_sec=0.135755
SELECT,iteration=9,candidate_count=549,selected_count=250,select_impact_sec=0.433059,select_rank_sec=0.007378,select_scan_sec=0.215461,select_remove_sec=0.211195,select_total_sec=0.718152
BATCH,iteration=9,selected_count=250,batch_count=34,batch_queries_sec=0.247724
REROUTE,iteration=9,reroute_query_count=250,reroute_query_sec=0.141073,insert_trajectory_sec=0.098935,reroute_total_sec=0.302778
ITERATION,iteration=9,selected_count=250,time_sec=5.111300
EVALUATE,iteration=-1,query_count=2048,time_sec=2.663784
TOTAL_TRAVEL_TIME,iteration=-1,query_count=2048,value=125369245
RUN,iteration=-1,query_count=2048,time_sec=74.695841
GRO Done!
