Graph loaded: 11369 vertices, 36792 edges.
INITIAL_ROUTES,iteration=-1,query_count=4096,time_sec=0.470327
EVALUATE,iteration=0,query_count=4096,time_sec=3.495232
TOTAL_TRAVEL_TIME,iteration=0,query_count=4096,value=162588845
TDG,iteration=0,size=46719,time_sec=0.509382
IMPACT,iteration=0,size=46719,time_sec=0.159449
CANDIDATE,iteration=0,candidate_count=1635,candidate_sec=0.104513
SELECT,iteration=0,candidate_count=1635,selected_count=436,select_impact_sec=0.312782,select_rank_sec=0.019484,select_scan_sec=0.300697,select_remove_sec=0.295373,select_total_sec=0.677558
BATCH,iteration=0,selected_count=436,batch_count=158,batch_queries_sec=1.545460
REROUTE,iteration=0,reroute_query_count=436,reroute_query_sec=0.326364,insert_trajectory_sec=0.001662,reroute_total_sec=0.372865
ITERATION,iteration=0,selected_count=436,time_sec=6.893718
EVALUATE,iteration=1,query_count=4096,time_sec=4.045734
TOTAL_TRAVEL_TIME,iteration=1,query_count=4096,value=174441733
TDG,iteration=1,size=67520,time_sec=0.561523
IMPACT,iteration=1,size=67520,time_sec=0.222637
CANDIDATE,iteration=1,candidate_count=1478,candidate_sec=0.139155
SELECT,iteration=1,candidate_count=1478,selected_count=377,select_impact_sec=0.439748,select_rank_sec=0.018100,select_scan_sec=0.234276,select_remove_sec=0.230093,select_total_sec=0.752498
BATCH,iteration=1,selected_count=377,batch_count=91,batch_queries_sec=0.513314
REROUTE,iteration=1,reroute_query_count=377,reroute_query_sec=0.207653,insert_trajectory_sec=0.024596,reroute_total_sec=0.292804
ITERATION,iteration=1,selected_count=377,time_sec=6.566924
EVALUATE,iteration=2,query_count=4096,time_sec=4.185195
TOTAL_TRAVEL_TIME,iteration=2,query_count=4096,value=179242026
TDG,iteration=2,size=80610,time_sec=0.588693
IMPACT,iteration=2,size=80610,time_sec=0.269549
CANDIDATE,iteration=2,candidate_count=1497,candidate_sec=0.167095
SELECT,iteration=2,candidate_count=1497,selected_count=716,select_impact_sec=0.566899,select_rank_sec=0.013932,select_scan_sec=0.406971,select_remove_sec=0.389528,select_total_sec=1.061859
BATCH,iteration=2,selected_count=716,batch_count=58,batch_queries_sec=0.304305
REROUTE,iteration=2,reroute_query_count=716,reroute_query_sec=0.329419,insert_trajectory_sec=0.092494,reroute_total_sec=0.494406
ITERATION,iteration=2,selected_count=716,time_sec=7.117924
EVALUATE,iteration=3,query_count=4096,time_sec=4.167065
TOTAL_TRAVEL_TIME,iteration=3,query_count=4096,value=179271538
TDG,iteration=3,size=96164,time_sec=0.615657
IMPACT,iteration=3,size=96164,time_sec=0.322083
CANDIDATE,iteration=3,candidate_count=1538,candidate_sec=0.197227
SELECT,iteration=3,candidate_count=1538,selected_count=721,select_impact_sec=0.640994,select_rank_sec=0.013655,select_scan_sec=0.380746,select_remove_sec=0.371037,select_total_sec=1.119784
BATCH,iteration=3,selected_count=721,batch_count=42,batch_queries_sec=0.337804
REROUTE,iteration=3,reroute_query_count=721,reroute_query_sec=0.451850,insert_trajectory_sec=0.120591,reroute_total_sec=0.660045
ITERATION,iteration=3,selected_count=721,time_sec=7.476224
EVALUATE,iteration=4,query_count=4096,time_sec=3.860478
TOTAL_TRAVEL_TIME,iteration=4,query_count=4096,value=174417402
TDG,iteration=4,size=102846,time_sec=0.659566
IMPACT,iteration=4,size=102846,time_sec=0.350777
CANDIDATE,iteration=4,candidate_count=1653,candidate_sec=0.208344
SELECT,iteration=4,candidate_count=1653,selected_count=742,select_impact_sec=0.691534,select_rank_sec=0.015285,select_scan_sec=0.383659,select_remove_sec=0.372499,select_total_sec=1.181966
BATCH,iteration=4,selected_count=742,batch_count=52,batch_queries_sec=0.381565
REROUTE,iteration=4,reroute_query_count=742,reroute_query_sec=0.340396,insert_trajectory_sec=0.146483,reroute_total_sec=0.578986
ITERATION,iteration=4,selected_count=742,time_sec=7.279267
EVALUATE,iteration=5,query_count=4096,time_sec=3.643238
TOTAL_TRAVEL_TIME,iteration=5,query_count=4096,value=174761332
TDG,iteration=5,size=106461,time_sec=0.610932
IMPACT,iteration=5,size=106461,time_sec=0.354207
CANDIDATE,iteration=5,candidate_count=1499,candidate_sec=0.217697
SELECT,iteration=5,candidate_count=1499,selected_count=700,select_impact_sec=0.720248,select_rank_sec=0.013387,select_scan_sec=0.344845,select_remove_sec=0.333745,select_total_sec=1.214996
BATCH,iteration=5,selected_count=700,batch_count=51,batch_queries_sec=0.459233
REROUTE,iteration=5,reroute_query_count=700,reroute_query_sec=0.328845,insert_trajectory_sec=0.185724,reroute_total_sec=0.610356
ITERATION,iteration=5,selected_count=700,time_sec=7.174551
EVALUATE,iteration=6,query_count=4096,time_sec=3.589137
TOTAL_TRAVEL_TIME,iteration=6,query_count=4096,value=171480951
TDG,iteration=6,size=104089,time_sec=0.587442
IMPACT,iteration=6,size=104089,time_sec=0.340446
CANDIDATE,iteration=6,candidate_count=1335,candidate_sec=0.206577
SELECT,iteration=6,candidate_count=1335,selected_count=630,select_impact_sec=0.765115,select_rank_sec=0.011444,select_scan_sec=0.305359,select_remove_sec=0.295976,select_total_sec=1.174162
BATCH,iteration=6,selected_count=630,batch_count=50,batch_queries_sec=0.342435
REROUTE,iteration=6,reroute_query_count=630,reroute_query_sec=0.302526,insert_trajectory_sec=0.184196,reroute_total_sec=0.580999
ITERATION,iteration=6,selected_count=630,time_sec=6.879573
EVALUATE,iteration=7,query_count=4096,time_sec=3.574229
TOTAL_TRAVEL_TIME,iteration=7,query_count=4096,value=170611226
TDG,iteration=7,size=104178,time_sec=0.564343
IMPACT,iteration=7,size=104178,time_sec=0.343216
CANDIDATE,iteration=7,candidate_count=1225,candidate_sec=0.205913
SELECT,iteration=7,candidate_count=1225,selected_count=563,select_impact_sec=0.685122,select_rank_sec=0.010846,select_scan_sec=0.285755,select_remove_sec=0.277014,select_total_sec=1.073773
BATCH,iteration=7,selected_count=563,batch_count=51,batch_queries_sec=0.373280
REROUTE,iteration=7,reroute_query_count=563,reroute_query_sec=0.278508,insert_trajectory_sec=0.157650,reroute_total_sec=0.532234
ITERATION,iteration=7,selected_count=563,time_sec=6.727984
EVALUATE,iteration=8,query_count=4096,time_sec=3.449376
TOTAL_TRAVEL_TIME,iteration=8,query_count=4096,value=164631993
TDG,iteration=8,size=99913,time_sec=0.566221
IMPACT,iteration=8,size=99913,time_sec=0.338835
CANDIDATE,iteration=8,candidate_count=955,candidate_sec=0.205932
SELECT,iteration=8,candidate_count=955,selected_count=455,select_impact_sec=0.680702,select_rank_sec=0.007472,select_scan_sec=0.204140,select_remove_sec=0.198006,select_total_sec=0.980030
BATCH,iteration=8,selected_count=455,batch_count=33,batch_queries_sec=0.222372
REROUTE,iteration=8,reroute_query_count=455,reroute_query_sec=0.249104,insert_trajectory_sec=0.156938,reroute_total_sec=0.495428
ITERATION,iteration=8,selected_count=455,time_sec=6.314234
EVALUATE,iteration=9,query_count=4096,time_sec=3.490298
TOTAL_TRAVEL_TIME,iteration=9,query_count=4096,value=164011887
TDG,iteration=9,size=98737,time_sec=0.571132
IMPACT,iteration=9,size=98737,time_sec=0.336232
CANDIDATE,iteration=9,candidate_count=1143,candidate_sec=0.200532
SELECT,iteration=9,candidate_count=1143,selected_count=536,select_impact_sec=0.683992,select_rank_sec=0.008860,select_scan_sec=0.282151,select_remove_sec=0.273964,select_total_sec=1.069930
BATCH,iteration=9,selected_count=536,batch_count=39,batch_queries_sec=0.248908
REROUTE,iteration=9,reroute_query_count=536,reroute_query_sec=0.292105,insert_trajectory_sec=0.193565,reroute_total_sec=0.573145
ITERATION,iteration=9,selected_count=536,time_sec=6.546709
EVALUATE,iteration=-1,query_count=4096,time_sec=3.507306
TOTAL_TRAVEL_TIME,iteration=-1,query_count=4096,value=161248977
RUN,iteration=-1,query_count=4096,time_sec=73.294226
GRO Done!
