Graph loaded: 11369 vertices, 36792 edges.
INITIAL_ROUTES,iteration=-1,query_count=2048,time_sec=0.217792
EVALUATE,iteration=0,query_count=2048,time_sec=1.442419
TOTAL_TRAVEL_TIME,iteration=0,query_count=2048,value=66208060
TDG,iteration=0,size=27959,time_sec=0.222971
IMPACT,iteration=0,size=27959,time_sec=0.090184
CANDIDATE,iteration=0,candidate_count=642,candidate_sec=0.059644
SELECT,iteration=0,candidate_count=642,selected_count=318,select_impact_sec=0.178294,select_rank_sec=0.005897,select_scan_sec=0.175468,select_remove_sec=0.172086,select_total_sec=0.387010
BATCH,iteration=0,selected_count=318,batch_count=67,batch_queries_sec=0.283381
REROUTE,iteration=0,reroute_query_count=318,reroute_query_sec=0.173852,insert_trajectory_sec=0.005004,reroute_total_sec=0.206355
ITERATION,iteration=0,selected_count=318,time_sec=2.708936
EVALUATE,iteration=1,query_count=2048,time_sec=1.522032
TOTAL_TRAVEL_TIME,iteration=1,query_count=2048,value=67259189
TDG,iteration=1,size=35568,time_sec=0.218300
IMPACT,iteration=1,size=35568,time_sec=0.115136
CANDIDATE,iteration=1,candidate_count=969,candidate_sec=0.068936
SELECT,iteration=1,candidate_count=969,selected_count=458,select_impact_sec=0.225184,select_rank_sec=0.006558,select_scan_sec=0.181246,select_remove_sec=0.176822,select_total_sec=0.446390
BATCH,iteration=1,selected_count=458,batch_count=39,batch_queries_sec=0.157314
REROUTE,iteration=1,reroute_query_count=458,reroute_query_sec=0.167820,insert_trajectory_sec=0.043372,reroute_total_sec=0.244532
ITERATION,iteration=1,selected_count=458,time_sec=2.793994
EVALUATE,iteration=2,query_count=2048,time_sec=1.281671
TOTAL_TRAVEL_TIME,iteration=2,query_count=2048,value=63180680
TDG,iteration=2,size=40117,time_sec=0.212103
IMPACT,iteration=2,size=40117,time_sec=0.127208
CANDIDATE,iteration=2,candidate_count=854,candidate_sec=0.077273
SELECT,iteration=2,candidate_count=854,selected_count=402,select_impact_sec=0.250689,select_rank_sec=0.004798,select_scan_sec=0.125868,select_remove_sec=0.122520,select_total_sec=0.418142
BATCH,iteration=2,selected_count=402,batch_count=28,batch_queries_sec=0.073017
REROUTE,iteration=2,reroute_query_count=402,reroute_query_sec=0.146401,insert_trajectory_sec=0.048537,reroute_total_sec=0.232273
ITERATION,iteration=2,selected_count=402,time_sec=2.445560
EVALUATE,iteration=3,query_count=2048,time_sec=1.233424
TOTAL_TRAVEL_TIME,iteration=3,query_count=2048,value=63643757
TDG,iteration=3,size=43029,time_sec=0.216884
IMPACT,iteration=3,size=43029,time_sec=0.134189
CANDIDATE,iteration=3,candidate_count=858,candidate_sec=0.081719
SELECT,iteration=3,candidate_count=858,selected_count=407,select_impact_sec=0.278553,select_rank_sec=0.004251,select_scan_sec=0.114857,select_remove_sec=0.111665,select_total_sec=0.438151
BATCH,iteration=3,selected_count=407,batch_count=49,batch_queries_sec=0.083576
REROUTE,iteration=3,reroute_query_count=407,reroute_query_sec=0.194835,insert_trajectory_sec=0.061415,reroute_total_sec=0.297264
ITERATION,iteration=3,selected_count=407,time_sec=2.510196
EVALUATE,iteration=4,query_count=2048,time_sec=1.230684
TOTAL_TRAVEL_TIME,iteration=4,query_count=2048,value=62865049
TDG,iteration=4,size=44262,time_sec=0.220583
IMPACT,iteration=4,size=44262,time_sec=0.137362
CANDIDATE,iteration=4,candidate_count=702,candidate_sec=0.083153
SELECT,iteration=4,candidate_count=702,selected_count=342,select_impact_sec=0.275145,select_rank_sec=0.003764,select_scan_sec=0.095840,select_remove_sec=0.093225,select_total_sec=0.415897
BATCH,iteration=4,selected_count=342,batch_count=37,batch_queries_sec=0.087383
REROUTE,iteration=4,reroute_query_count=342,reroute_query_sec=0.140669,insert_trajectory_sec=0.062306,reroute_total_sec=0.244162
ITERATION,iteration=4,selected_count=342,time_sec=2.446323
EVALUATE,iteration=5,query_count=2048,time_sec=1.178605
TOTAL_TRAVEL_TIME,iteration=5,query_count=2048,value=62457298
TDG,iteration=5,size=44184,time_sec=0.219954
IMPACT,iteration=5,size=44184,time_sec=0.137370
CANDIDATE,iteration=5,candidate_count=770,candidate_sec=0.082538
SELECT,iteration=5,candidate_count=770,selected_count=354,select_impact_sec=0.273200,select_rank_sec=0.004164,select_scan_sec=0.102794,select_remove_sec=0.099843,select_total_sec=0.422399
BATCH,iteration=5,selected_count=354,batch_count=34,batch_queries_sec=0.093195
REROUTE,iteration=5,reroute_query_count=354,reroute_query_sec=0.155935,insert_trajectory_sec=0.080923,reroute_total_sec=0.278743
ITERATION,iteration=5,selected_count=354,time_sec=2.439152
EVALUATE,iteration=6,query_count=2048,time_sec=1.151648
TOTAL_TRAVEL_TIME,iteration=6,query_count=2048,value=62650212
TDG,iteration=6,size=43457,time_sec=0.212192
IMPACT,iteration=6,size=43457,time_sec=0.135884
CANDIDATE,iteration=6,candidate_count=617,candidate_sec=0.081010
SELECT,iteration=6,candidate_count=617,selected_count=294,select_impact_sec=0.263376,select_rank_sec=0.002996,select_scan_sec=0.079319,select_remove_sec=0.077211,select_total_sec=0.385330
BATCH,iteration=6,selected_count=294,batch_count=35,batch_queries_sec=0.066357
REROUTE,iteration=6,reroute_query_count=294,reroute_query_sec=0.131943,insert_trajectory_sec=0.062410,reroute_total_sec=0.234344
ITERATION,iteration=6,selected_count=294,time_sec=2.292049
EVALUATE,iteration=7,query_count=2048,time_sec=1.154367
TOTAL_TRAVEL_TIME,iteration=7,query_count=2048,value=62493308
TDG,iteration=7,size=43595,time_sec=0.213661
IMPACT,iteration=7,size=43595,time_sec=0.136256
CANDIDATE,iteration=7,candidate_count=661,candidate_sec=0.082227
SELECT,iteration=7,candidate_count=661,selected_count=305,select_impact_sec=0.269204,select_rank_sec=0.003296,select_scan_sec=0.083136,select_remove_sec=0.080779,select_total_sec=0.395624
BATCH,iteration=7,selected_count=305,batch_count=34,batch_queries_sec=0.072306
REROUTE,iteration=7,reroute_query_count=305,reroute_query_sec=0.130631,insert_trajectory_sec=0.069799,reroute_total_sec=0.241637
ITERATION,iteration=7,selected_count=305,time_sec=2.321493
EVALUATE,iteration=8,query_count=2048,time_sec=1.148217
TOTAL_TRAVEL_TIME,iteration=8,query_count=2048,value=61875383
TDG,iteration=8,size=43254,time_sec=0.211310
IMPACT,iteration=8,size=43254,time_sec=0.134426
CANDIDATE,iteration=8,candidate_count=610,candidate_sec=0.083670
SELECT,iteration=8,candidate_count=610,selected_count=290,select_impact_sec=0.268098,select_rank_sec=0.002990,select_scan_sec=0.078367,select_remove_sec=0.076196,select_total_sec=0.390948
BATCH,iteration=8,selected_count=290,batch_count=34,batch_queries_sec=0.057928
REROUTE,iteration=8,reroute_query_count=290,reroute_query_sec=0.127640,insert_trajectory_sec=0.061331,reroute_total_sec=0.230092
ITERATION,iteration=8,selected_count=290,time_sec=2.281666
EVALUATE,iteration=9,query_count=2048,time_sec=1.147419
TOTAL_TRAVEL_TIME,iteration=9,query_count=2048,value=62201351
TDG,iteration=9,size=42751,time_sec=0.203951
IMPACT,iteration=9,size=42751,time_sec=0.131592
CANDIDATE,iteration=9,candidate_count=522,candidate_sec=0.080736
SELECT,iteration=9,candidate_count=522,selected_count=243,select_impact_sec=0.261688,select_rank_sec=0.002586,select_scan_sec=0.066741,select_remove_sec=0.064920,select_total_sec=0.371034
BATCH,iteration=9,selected_count=243,batch_count=30,batch_queries_sec=0.060420
REROUTE,iteration=9,reroute_query_count=243,reroute_query_sec=0.114631,insert_trajectory_sec=0.055467,reroute_total_sec=0.210500
ITERATION,iteration=9,selected_count=243,time_sec=2.231668
EVALUATE,iteration=-1,query_count=2048,time_sec=1.151123
TOTAL_TRAVEL_TIME,iteration=-1,query_count=2048,value=61885295
RUN,iteration=-1,query_count=2048,time_sec=25.988533
GRO Done!
