Graph loaded: 11369 vertices, 36792 edges.
INITIAL_ROUTES,iteration=-1,query_count=1024,time_sec=0.128880
EVALUATE,iteration=0,query_count=1024,time_sec=0.489921
TOTAL_TRAVEL_TIME,iteration=0,query_count=1024,value=27030182
TDG,iteration=0,size=14795,time_sec=0.089546
IMPACT,iteration=0,size=14795,time_sec=0.049138
CANDIDATE,iteration=0,candidate_count=300,candidate_sec=0.028027
SELECT,iteration=0,candidate_count=300,selected_count=146,select_impact_sec=0.089936,select_rank_sec=0.001827,select_scan_sec=0.051453,select_remove_sec=0.050216,select_total_sec=0.159545
BATCH,iteration=0,selected_count=146,batch_count=28,batch_queries_sec=0.046909
REROUTE,iteration=0,reroute_query_count=146,reroute_query_sec=0.052937,insert_trajectory_sec=0.006666,reroute_total_sec=0.075692
ITERATION,iteration=0,selected_count=146,time_sec=0.948618
EVALUATE,iteration=1,query_count=1024,time_sec=0.502128
TOTAL_TRAVEL_TIME,iteration=1,query_count=1024,value=25716996
TDG,iteration=1,size=16799,time_sec=0.091386
IMPACT,iteration=1,size=16799,time_sec=0.051468
CANDIDATE,iteration=1,candidate_count=430,candidate_sec=0.030841
SELECT,iteration=1,candidate_count=430,selected_count=201,select_impact_sec=0.119407,select_rank_sec=0.002236,select_scan_sec=0.060887,select_remove_sec=0.058979,select_total_sec=0.200188
BATCH,iteration=1,selected_count=201,batch_count=24,batch_queries_sec=0.040739
REROUTE,iteration=1,reroute_query_count=201,reroute_query_sec=0.075277,insert_trajectory_sec=0.014537,reroute_total_sec=0.107461
ITERATION,iteration=1,selected_count=201,time_sec=1.034924
EVALUATE,iteration=2,query_count=1024,time_sec=0.430448
TOTAL_TRAVEL_TIME,iteration=2,query_count=1024,value=24939185
TDG,iteration=2,size=18436,time_sec=0.082256
IMPACT,iteration=2,size=18436,time_sec=0.055097
CANDIDATE,iteration=2,candidate_count=544,candidate_sec=0.033635
SELECT,iteration=2,candidate_count=544,selected_count=255,select_impact_sec=0.109436,select_rank_sec=0.002085,select_scan_sec=0.051131,select_remove_sec=0.049715,select_total_sec=0.181942
BATCH,iteration=2,selected_count=255,batch_count=24,batch_queries_sec=0.028448
REROUTE,iteration=2,reroute_query_count=255,reroute_query_sec=0.085924,insert_trajectory_sec=0.022208,reroute_total_sec=0.127220
ITERATION,iteration=2,selected_count=255,time_sec=0.951014
EVALUATE,iteration=3,query_count=1024,time_sec=0.413647
TOTAL_TRAVEL_TIME,iteration=3,query_count=1024,value=25351434
TDG,iteration=3,size=20135,time_sec=0.086234
IMPACT,iteration=3,size=20135,time_sec=0.059434
CANDIDATE,iteration=3,candidate_count=442,candidate_sec=0.036635
SELECT,iteration=3,candidate_count=442,selected_count=215,select_impact_sec=0.117419,select_rank_sec=0.001776,select_scan_sec=0.041190,select_remove_sec=0.039951,select_total_sec=0.180917
BATCH,iteration=3,selected_count=215,batch_count=18,batch_queries_sec=0.024800
REROUTE,iteration=3,reroute_query_count=215,reroute_query_sec=0.081444,insert_trajectory_sec=0.021678,reroute_total_sec=0.124018
ITERATION,iteration=3,selected_count=215,time_sec=0.938452
EVALUATE,iteration=4,query_count=1024,time_sec=0.398304
TOTAL_TRAVEL_TIME,iteration=4,query_count=1024,value=25162675
TDG,iteration=4,size=20519,time_sec=0.094912
IMPACT,iteration=4,size=20519,time_sec=0.063894
CANDIDATE,iteration=4,candidate_count=312,candidate_sec=0.037553
SELECT,iteration=4,candidate_count=312,selected_count=150,select_impact_sec=0.120065,select_rank_sec=0.001113,select_scan_sec=0.026619,select_remove_sec=0.025894,select_total_sec=0.170190
BATCH,iteration=4,selected_count=150,batch_count=23,batch_queries_sec=0.026828
REROUTE,iteration=4,reroute_query_count=150,reroute_query_sec=0.056846,insert_trajectory_sec=0.019740,reroute_total_sec=0.097087
ITERATION,iteration=4,selected_count=150,time_sec=0.901689
EVALUATE,iteration=5,query_count=1024,time_sec=0.388242
TOTAL_TRAVEL_TIME,iteration=5,query_count=1024,value=25137265
TDG,iteration=5,size=20488,time_sec=0.088457
IMPACT,iteration=5,size=20488,time_sec=0.066841
CANDIDATE,iteration=5,candidate_count=291,candidate_sec=0.038886
SELECT,iteration=5,candidate_count=291,selected_count=142,select_impact_sec=0.121897,select_rank_sec=0.000989,select_scan_sec=0.028433,select_remove_sec=0.027600,select_total_sec=0.172959
BATCH,iteration=5,selected_count=142,batch_count=16,batch_queries_sec=0.017671
REROUTE,iteration=5,reroute_query_count=142,reroute_query_sec=0.055469,insert_trajectory_sec=0.019687,reroute_total_sec=0.096519
ITERATION,iteration=5,selected_count=142,time_sec=0.882353
EVALUATE,iteration=6,query_count=1024,time_sec=0.384182
TOTAL_TRAVEL_TIME,iteration=6,query_count=1024,value=25006055
TDG,iteration=6,size=20337,time_sec=0.082301
IMPACT,iteration=6,size=20337,time_sec=0.059789
CANDIDATE,iteration=6,candidate_count=283,candidate_sec=0.035758
SELECT,iteration=6,candidate_count=283,selected_count=136,select_impact_sec=0.117520,select_rank_sec=0.000988,select_scan_sec=0.023392,select_remove_sec=0.022717,select_total_sec=0.162845
BATCH,iteration=6,selected_count=136,batch_count=18,batch_queries_sec=0.023509
REROUTE,iteration=6,reroute_query_count=136,reroute_query_sec=0.052111,insert_trajectory_sec=0.020668,reroute_total_sec=0.093554
ITERATION,iteration=6,selected_count=136,time_sec=0.854980
EVALUATE,iteration=7,query_count=1024,time_sec=0.392495
TOTAL_TRAVEL_TIME,iteration=7,query_count=1024,value=25298105
TDG,iteration=7,size=20237,time_sec=0.084042
IMPACT,iteration=7,size=20237,time_sec=0.059294
CANDIDATE,iteration=7,candidate_count=265,candidate_sec=0.035985
SELECT,iteration=7,candidate_count=265,selected_count=131,select_impact_sec=0.117445,select_rank_sec=0.000901,select_scan_sec=0.022660,select_remove_sec=0.021969,select_total_sec=0.161943
BATCH,iteration=7,selected_count=131,batch_count=16,batch_queries_sec=0.017987
REROUTE,iteration=7,reroute_query_count=131,reroute_query_sec=0.048653,insert_trajectory_sec=0.016964,reroute_total_sec=0.086501
ITERATION,iteration=7,selected_count=131,time_sec=0.851083
EVALUATE,iteration=8,query_count=1024,time_sec=0.392874
TOTAL_TRAVEL_TIME,iteration=8,query_count=1024,value=25107655
TDG,iteration=8,size=20344,time_sec=0.085517
IMPACT,iteration=8,size=20344,time_sec=0.058957
CANDIDATE,iteration=8,candidate_count=275,candidate_sec=0.036510
SELECT,iteration=8,candidate_count=275,selected_count=136,select_impact_sec=0.118495,select_rank_sec=0.000962,select_scan_sec=0.025040,select_remove_sec=0.024330,select_total_sec=0.165679
BATCH,iteration=8,selected_count=136,batch_count=16,batch_queries_sec=0.027694
REROUTE,iteration=8,reroute_query_count=136,reroute_query_sec=0.052907,insert_trajectory_sec=0.022075,reroute_total_sec=0.095598
ITERATION,iteration=8,selected_count=136,time_sec=0.875552
EVALUATE,iteration=9,query_count=1024,time_sec=0.393176
TOTAL_TRAVEL_TIME,iteration=9,query_count=1024,value=25175104
TDG,iteration=9,size=20168,time_sec=0.083981
IMPACT,iteration=9,size=20168,time_sec=0.058716
CANDIDATE,iteration=9,candidate_count=261,candidate_sec=0.035728
SELECT,iteration=9,candidate_count=261,selected_count=127,select_impact_sec=0.117213,select_rank_sec=0.000928,select_scan_sec=0.023466,select_remove_sec=0.022727,select_total_sec=0.162413
BATCH,iteration=9,selected_count=127,batch_count=16,batch_queries_sec=0.020610
REROUTE,iteration=9,reroute_query_count=127,reroute_query_sec=0.047901,insert_trajectory_sec=0.019073,reroute_total_sec=0.087839
ITERATION,iteration=9,selected_count=127,time_sec=0.855747
EVALUATE,iteration=-1,query_count=1024,time_sec=0.385160
TOTAL_TRAVEL_TIME,iteration=-1,query_count=1024,value=25138023
RUN,iteration=-1,query_count=1024,time_sec=9.685320
GRO Done!
