Graph loaded: 11369 vertices, 36792 edges.
INITIAL_ROUTES,iteration=-1,query_count=1024,time_sec=0.191684
EVALUATE,iteration=0,query_count=1024,time_sec=1.113825
TOTAL_TRAVEL_TIME,iteration=0,query_count=1024,value=62292886
TDG,iteration=0,size=40064,time_sec=0.215238
IMPACT,iteration=0,size=40064,time_sec=0.126872
CANDIDATE,iteration=0,candidate_count=244,candidate_sec=0.076190
SELECT,iteration=0,candidate_count=244,selected_count=114,select_impact_sec=0.253434,select_rank_sec=0.002712,select_scan_sec=0.073969,select_remove_sec=0.072689,select_total_sec=0.367785
BATCH,iteration=0,selected_count=114,batch_count=15,batch_queries_sec=0.064091
REROUTE,iteration=0,reroute_query_count=114,reroute_query_sec=0.063677,insert_trajectory_sec=0.000301,reroute_total_sec=0.100362
ITERATION,iteration=0,selected_count=114,time_sec=2.087739
EVALUATE,iteration=1,query_count=1024,time_sec=1.119875
TOTAL_TRAVEL_TIME,iteration=1,query_count=1024,value=57647520
TDG,iteration=1,size=40543,time_sec=0.200564
IMPACT,iteration=1,size=40543,time_sec=0.127723
CANDIDATE,iteration=1,candidate_count=196,candidate_sec=0.075073
SELECT,iteration=1,candidate_count=196,selected_count=92,select_impact_sec=0.244763,select_rank_sec=0.001972,select_scan_sec=0.054305,select_remove_sec=0.053223,select_total_sec=0.338320
BATCH,iteration=1,selected_count=92,batch_count=16,batch_queries_sec=0.049482
REROUTE,iteration=1,reroute_query_count=92,reroute_query_sec=0.048288,insert_trajectory_sec=0.000716,reroute_total_sec=0.085435
ITERATION,iteration=1,selected_count=92,time_sec=2.024581
EVALUATE,iteration=2,query_count=1024,time_sec=0.987729
TOTAL_TRAVEL_TIME,iteration=2,query_count=1024,value=54248814
TDG,iteration=2,size=41016,time_sec=0.183038
IMPACT,iteration=2,size=41016,time_sec=0.126106
CANDIDATE,iteration=2,candidate_count=284,candidate_sec=0.073268
SELECT,iteration=2,candidate_count=284,selected_count=131,select_impact_sec=0.251109,select_rank_sec=0.002829,select_scan_sec=0.074173,select_remove_sec=0.072732,select_total_sec=0.366054
BATCH,iteration=2,selected_count=131,batch_count=19,batch_queries_sec=0.094293
REROUTE,iteration=2,reroute_query_count=131,reroute_query_sec=0.082467,insert_trajectory_sec=0.000896,reroute_total_sec=0.120095
ITERATION,iteration=2,selected_count=131,time_sec=1.974964
EVALUATE,iteration=3,query_count=1024,time_sec=0.853944
TOTAL_TRAVEL_TIME,iteration=3,query_count=1024,value=49836683
TDG,iteration=3,size=41815,time_sec=0.172842
IMPACT,iteration=3,size=41815,time_sec=0.123807
CANDIDATE,iteration=3,candidate_count=430,candidate_sec=0.073312
SELECT,iteration=3,candidate_count=430,selected_count=194,select_impact_sec=0.244649,select_rank_sec=0.003509,select_scan_sec=0.085281,select_remove_sec=0.083482,select_total_sec=0.372095
BATCH,iteration=3,selected_count=194,batch_count=20,batch_queries_sec=0.087204
REROUTE,iteration=3,reroute_query_count=194,reroute_query_sec=0.118669,insert_trajectory_sec=0.002206,reroute_total_sec=0.159117
ITERATION,iteration=3,selected_count=194,time_sec=1.866635
EVALUATE,iteration=4,query_count=1024,time_sec=0.717886
TOTAL_TRAVEL_TIME,iteration=4,query_count=1024,value=46058112
TDG,iteration=4,size=43155,time_sec=0.199208
IMPACT,iteration=4,size=43155,time_sec=0.173996
CANDIDATE,iteration=4,candidate_count=532,candidate_sec=0.074991
SELECT,iteration=4,candidate_count=532,selected_count=230,select_impact_sec=0.251355,select_rank_sec=0.003785,select_scan_sec=0.085879,select_remove_sec=0.083898,select_total_sec=0.380675
BATCH,iteration=4,selected_count=230,batch_count=19,batch_queries_sec=0.092162
REROUTE,iteration=4,reroute_query_count=230,reroute_query_sec=0.131341,insert_trajectory_sec=0.005144,reroute_total_sec=0.175115
ITERATION,iteration=4,selected_count=230,time_sec=1.840547
EVALUATE,iteration=5,query_count=1024,time_sec=0.629324
TOTAL_TRAVEL_TIME,iteration=5,query_count=1024,value=44215645
TDG,iteration=5,size=44123,time_sec=0.152336
IMPACT,iteration=5,size=44123,time_sec=0.128602
CANDIDATE,iteration=5,candidate_count=393,candidate_sec=0.075464
SELECT,iteration=5,candidate_count=393,selected_count=182,select_impact_sec=0.252808,select_rank_sec=0.002233,select_scan_sec=0.054892,select_remove_sec=0.053648,select_total_sec=0.350550
BATCH,iteration=5,selected_count=182,batch_count=17,batch_queries_sec=0.040278
REROUTE,iteration=5,reroute_query_count=182,reroute_query_sec=0.116732,insert_trajectory_sec=0.004495,reroute_total_sec=0.160912
ITERATION,iteration=5,selected_count=182,time_sec=1.563723
EVALUATE,iteration=6,query_count=1024,time_sec=0.560188
TOTAL_TRAVEL_TIME,iteration=6,query_count=1024,value=43759169
TDG,iteration=6,size=45072,time_sec=0.148698
IMPACT,iteration=6,size=45072,time_sec=0.126959
CANDIDATE,iteration=6,candidate_count=286,candidate_sec=0.077012
SELECT,iteration=6,candidate_count=286,selected_count=130,select_impact_sec=0.251061,select_rank_sec=0.001238,select_scan_sec=0.029954,select_remove_sec=0.029194,select_total_sec=0.323583
BATCH,iteration=6,selected_count=130,batch_count=11,batch_queries_sec=0.018529
REROUTE,iteration=6,reroute_query_count=130,reroute_query_sec=0.080718,insert_trajectory_sec=0.005435,reroute_total_sec=0.126897
ITERATION,iteration=6,selected_count=130,time_sec=1.409111
EVALUATE,iteration=7,query_count=1024,time_sec=0.513806
TOTAL_TRAVEL_TIME,iteration=7,query_count=1024,value=43560034
TDG,iteration=7,size=45468,time_sec=0.144079
IMPACT,iteration=7,size=45468,time_sec=0.153833
CANDIDATE,iteration=7,candidate_count=338,candidate_sec=0.085459
SELECT,iteration=7,candidate_count=338,selected_count=149,select_impact_sec=0.252434,select_rank_sec=0.001368,select_scan_sec=0.029629,select_remove_sec=0.028859,select_total_sec=0.325018
BATCH,iteration=7,selected_count=149,batch_count=9,batch_queries_sec=0.017606
REROUTE,iteration=7,reroute_query_count=149,reroute_query_sec=0.110295,insert_trajectory_sec=0.005773,reroute_total_sec=0.156762
ITERATION,iteration=7,selected_count=149,time_sec=1.433534
EVALUATE,iteration=8,query_count=1024,time_sec=0.492758
TOTAL_TRAVEL_TIME,iteration=8,query_count=1024,value=43758818
TDG,iteration=8,size=45771,time_sec=0.143902
IMPACT,iteration=8,size=45771,time_sec=0.128550
CANDIDATE,iteration=8,candidate_count=364,candidate_sec=0.077658
SELECT,iteration=8,candidate_count=364,selected_count=152,select_impact_sec=0.254557,select_rank_sec=0.001383,select_scan_sec=0.028106,select_remove_sec=0.027263,select_total_sec=0.325954
BATCH,iteration=8,selected_count=152,batch_count=8,batch_queries_sec=0.016485
REROUTE,iteration=8,reroute_query_count=152,reroute_query_sec=0.113823,insert_trajectory_sec=0.005742,reroute_total_sec=0.160169
ITERATION,iteration=8,selected_count=152,time_sec=1.373183
EVALUATE,iteration=9,query_count=1024,time_sec=0.480406
TOTAL_TRAVEL_TIME,iteration=9,query_count=1024,value=44383594
TDG,iteration=9,size=46412,time_sec=0.143762
IMPACT,iteration=9,size=46412,time_sec=0.132751
CANDIDATE,iteration=9,candidate_count=356,candidate_sec=0.077592
SELECT,iteration=9,candidate_count=356,selected_count=152,select_impact_sec=0.262161,select_rank_sec=0.001313,select_scan_sec=0.027687,select_remove_sec=0.026827,select_total_sec=0.334008
BATCH,iteration=9,selected_count=152,batch_count=9,batch_queries_sec=0.015904
REROUTE,iteration=9,reroute_query_count=152,reroute_query_sec=0.226580,insert_trajectory_sec=0.011046,reroute_total_sec=0.280185
ITERATION,iteration=9,selected_count=152,time_sec=1.498519
EVALUATE,iteration=-1,query_count=1024,time_sec=0.454099
TOTAL_TRAVEL_TIME,iteration=-1,query_count=1024,value=44757950
RUN,iteration=-1,query_count=1024,time_sec=17.879030
GRO Done!
