Graph loaded: 11369 vertices, 36792 edges.
INITIAL_ROUTES,iteration=-1,query_count=4096,time_sec=0.776195
EVALUATE,iteration=0,query_count=4096,time_sec=14.267311
TOTAL_TRAVEL_TIME,iteration=0,query_count=4096,value=460985702
TDG,iteration=0,size=107363,time_sec=2.023084
IMPACT,iteration=0,size=107363,time_sec=0.385998
CANDIDATE,iteration=0,candidate_count=285,candidate_sec=0.322847
SELECT,iteration=0,candidate_count=285,selected_count=137,select_impact_sec=0.764636,select_rank_sec=0.010598,select_scan_sec=0.307242,select_remove_sec=0.300876,select_total_sec=1.182901
BATCH,iteration=0,selected_count=137,batch_count=77,batch_queries_sec=0.073850
REROUTE,iteration=0,reroute_query_count=137,reroute_query_sec=0.241731,insert_trajectory_sec=0.000604,reroute_total_sec=0.340987
ITERATION,iteration=0,selected_count=137,time_sec=18.664169
EVALUATE,iteration=1,query_count=4096,time_sec=15.403499
TOTAL_TRAVEL_TIME,iteration=1,query_count=4096,value=447629667
TDG,iteration=1,size=112266,time_sec=1.904025
IMPACT,iteration=1,size=112266,time_sec=0.387430
CANDIDATE,iteration=1,candidate_count=274,candidate_sec=0.313802
SELECT,iteration=1,candidate_count=274,selected_count=63,select_impact_sec=0.775656,select_rank_sec=0.011481,select_scan_sec=0.169272,select_remove_sec=0.165473,select_total_sec=1.061227
BATCH,iteration=1,selected_count=63,batch_count=55,batch_queries_sec=0.087527
REROUTE,iteration=1,reroute_query_count=63,reroute_query_sec=0.183698,insert_trajectory_sec=0.000632,reroute_total_sec=0.286080
ITERATION,iteration=1,selected_count=63,time_sec=19.512489
EVALUATE,iteration=2,query_count=4096,time_sec=14.794777
TOTAL_TRAVEL_TIME,iteration=2,query_count=4096,value=441361432
TDG,iteration=2,size=114662,time_sec=1.883340
IMPACT,iteration=2,size=114662,time_sec=0.397793
CANDIDATE,iteration=2,candidate_count=361,candidate_sec=0.312462
SELECT,iteration=2,candidate_count=361,selected_count=182,select_impact_sec=0.794737,select_rank_sec=0.016153,select_scan_sec=0.575355,select_remove_sec=0.565551,select_total_sec=1.492805
BATCH,iteration=2,selected_count=182,batch_count=74,batch_queries_sec=1.021422
REROUTE,iteration=2,reroute_query_count=182,reroute_query_sec=0.254807,insert_trajectory_sec=0.002694,reroute_total_sec=0.363097
ITERATION,iteration=2,selected_count=182,time_sec=20.336421
EVALUATE,iteration=3,query_count=4096,time_sec=14.147073
TOTAL_TRAVEL_TIME,iteration=3,query_count=4096,value=425595422
TDG,iteration=3,size=122593,time_sec=1.750972
IMPACT,iteration=3,size=122593,time_sec=0.421847
CANDIDATE,iteration=3,candidate_count=251,candidate_sec=0.317931
SELECT,iteration=3,candidate_count=251,selected_count=71,select_impact_sec=0.838099,select_rank_sec=0.014848,select_scan_sec=0.340115,select_remove_sec=0.333918,select_total_sec=1.306385
BATCH,iteration=3,selected_count=71,batch_count=68,batch_queries_sec=0.343137
REROUTE,iteration=3,reroute_query_count=71,reroute_query_sec=0.243245,insert_trajectory_sec=0.001292,reroute_total_sec=0.352242
ITERATION,iteration=3,selected_count=71,time_sec=18.714585
EVALUATE,iteration=4,query_count=4096,time_sec=13.737776
TOTAL_TRAVEL_TIME,iteration=4,query_count=4096,value=419160535
TDG,iteration=4,size=125870,time_sec=1.709599
IMPACT,iteration=4,size=125870,time_sec=0.429735
CANDIDATE,iteration=4,candidate_count=228,candidate_sec=0.327612
SELECT,iteration=4,candidate_count=228,selected_count=106,select_impact_sec=0.863405,select_rank_sec=0.007862,select_scan_sec=0.218462,select_remove_sec=0.213915,select_total_sec=1.202610
BATCH,iteration=4,selected_count=106,batch_count=57,batch_queries_sec=0.029246
REROUTE,iteration=4,reroute_query_count=106,reroute_query_sec=0.241491,insert_trajectory_sec=0.002765,reroute_total_sec=0.355972
ITERATION,iteration=4,selected_count=106,time_sec=17.868165
EVALUATE,iteration=5,query_count=4096,time_sec=13.346696
TOTAL_TRAVEL_TIME,iteration=5,query_count=4096,value=409733186
TDG,iteration=5,size=131290,time_sec=1.663732
IMPACT,iteration=5,size=131290,time_sec=0.450624
CANDIDATE,iteration=5,candidate_count=328,candidate_sec=0.327760
SELECT,iteration=5,candidate_count=328,selected_count=58,select_impact_sec=0.904401,select_rank_sec=0.020206,select_scan_sec=0.264369,select_remove_sec=0.260267,select_total_sec=1.306171
BATCH,iteration=5,selected_count=58,batch_count=34,batch_queries_sec=0.383368
REROUTE,iteration=5,reroute_query_count=58,reroute_query_sec=0.141377,insert_trajectory_sec=0.000864,reroute_total_sec=0.266271
ITERATION,iteration=5,selected_count=58,time_sec=17.836434
EVALUATE,iteration=6,query_count=4096,time_sec=13.452843
TOTAL_TRAVEL_TIME,iteration=6,query_count=4096,value=405037004
TDG,iteration=6,size=134085,time_sec=1.698481
IMPACT,iteration=6,size=134085,time_sec=0.454810
CANDIDATE,iteration=6,candidate_count=491,candidate_sec=0.328309
SELECT,iteration=6,candidate_count=491,selected_count=36,select_impact_sec=0.917802,select_rank_sec=0.021865,select_scan_sec=0.191037,select_remove_sec=0.188159,select_total_sec=1.250979
BATCH,iteration=6,selected_count=36,batch_count=33,batch_queries_sec=0.574150
REROUTE,iteration=6,reroute_query_count=36,reroute_query_sec=0.116925,insert_trajectory_sec=0.001631,reroute_total_sec=0.237181
ITERATION,iteration=6,selected_count=36,time_sec=18.075433
EVALUATE,iteration=7,query_count=4096,time_sec=12.760824
TOTAL_TRAVEL_TIME,iteration=7,query_count=4096,value=401981399
TDG,iteration=7,size=135398,time_sec=1.593662
IMPACT,iteration=7,size=135398,time_sec=0.460751
CANDIDATE,iteration=7,candidate_count=590,candidate_sec=0.331335
SELECT,iteration=7,candidate_count=590,selected_count=269,select_impact_sec=1.371861,select_rank_sec=0.026307,select_scan_sec=0.452228,select_remove_sec=0.444267,select_total_sec=1.976780
BATCH,iteration=7,selected_count=269,batch_count=56,batch_queries_sec=0.622200
REROUTE,iteration=7,reroute_query_count=269,reroute_query_sec=0.238530,insert_trajectory_sec=0.009450,reroute_total_sec=0.369577
ITERATION,iteration=7,selected_count=269,time_sec=18.194998
EVALUATE,iteration=8,query_count=4096,time_sec=11.691473
TOTAL_TRAVEL_TIME,iteration=8,query_count=4096,value=386160777
TDG,iteration=8,size=141914,time_sec=1.488396
IMPACT,iteration=8,size=141914,time_sec=0.485334
CANDIDATE,iteration=8,candidate_count=740,candidate_sec=0.325968
SELECT,iteration=8,candidate_count=740,selected_count=206,select_impact_sec=3.338576,select_rank_sec=0.109814,select_scan_sec=0.729207,select_remove_sec=0.716409,select_total_sec=4.311419
BATCH,iteration=8,selected_count=206,batch_count=76,batch_queries_sec=2.580082
REROUTE,iteration=8,reroute_query_count=206,reroute_query_sec=0.323038,insert_trajectory_sec=0.004935,reroute_total_sec=0.453395
ITERATION,iteration=8,selected_count=206,time_sec=21.418800
EVALUATE,iteration=9,query_count=4096,time_sec=10.544293
TOTAL_TRAVEL_TIME,iteration=9,query_count=4096,value=367545856
TDG,iteration=9,size=149438,time_sec=1.580815
IMPACT,iteration=9,size=149438,time_sec=0.557949
CANDIDATE,iteration=9,candidate_count=478,candidate_sec=0.340107
SELECT,iteration=9,candidate_count=478,selected_count=227,select_impact_sec=1.004940,select_rank_sec=0.017029,select_scan_sec=0.526623,select_remove_sec=0.518097,select_total_sec=1.683209
BATCH,iteration=9,selected_count=227,batch_count=64,batch_queries_sec=1.290876
REROUTE,iteration=9,reroute_query_count=227,reroute_query_sec=0.294288,insert_trajectory_sec=0.009711,reroute_total_sec=0.438217
ITERATION,iteration=9,selected_count=227,time_sec=16.521497
EVALUATE,iteration=-1,query_count=4096,time_sec=10.013623
TOTAL_TRAVEL_TIME,iteration=-1,query_count=4096,value=351392437
RUN,iteration=-1,query_count=4096,time_sec=198.427835
GRO Done!
