Graph loaded: 11369 vertices, 36792 edges.
INITIAL_ROUTES,iteration=-1,query_count=4096,time_sec=0.538506
EVALUATE,iteration=0,query_count=4096,time_sec=12.947383
TOTAL_TRAVEL_TIME,iteration=0,query_count=4096,value=302905825
TDG,iteration=0,size=43437,time_sec=1.729486
IMPACT,iteration=0,size=43437,time_sec=0.151788
CANDIDATE,iteration=0,candidate_count=754,candidate_sec=0.177500
SELECT,iteration=0,candidate_count=754,selected_count=236,select_impact_sec=0.324638,select_rank_sec=0.035233,select_scan_sec=0.622087,select_remove_sec=0.612814,select_total_sec=1.026715
BATCH,iteration=0,selected_count=236,batch_count=120,batch_queries_sec=1.039065
REROUTE,iteration=0,reroute_query_count=236,reroute_query_sec=0.232687,insert_trajectory_sec=0.004459,reroute_total_sec=0.282495
ITERATION,iteration=0,selected_count=236,time_sec=17.386621
EVALUATE,iteration=1,query_count=4096,time_sec=13.778773
TOTAL_TRAVEL_TIME,iteration=1,query_count=4096,value=298234457
TDG,iteration=1,size=49843,time_sec=1.650979
IMPACT,iteration=1,size=49843,time_sec=0.168056
CANDIDATE,iteration=1,candidate_count=640,candidate_sec=0.181092
SELECT,iteration=1,candidate_count=640,selected_count=224,select_impact_sec=0.519403,select_rank_sec=0.039461,select_scan_sec=0.700682,select_remove_sec=0.690113,select_total_sec=1.308701
BATCH,iteration=1,selected_count=224,batch_count=82,batch_queries_sec=1.028688
REROUTE,iteration=1,reroute_query_count=224,reroute_query_sec=0.180332,insert_trajectory_sec=0.021109,reroute_total_sec=0.251353
ITERATION,iteration=1,selected_count=224,time_sec=18.403039
EVALUATE,iteration=2,query_count=4096,time_sec=12.929904
TOTAL_TRAVEL_TIME,iteration=2,query_count=4096,value=294910627
TDG,iteration=2,size=60761,time_sec=1.608376
IMPACT,iteration=2,size=60761,time_sec=0.211480
CANDIDATE,iteration=2,candidate_count=673,candidate_sec=0.196884
SELECT,iteration=2,candidate_count=673,selected_count=233,select_impact_sec=0.614952,select_rank_sec=0.041535,select_scan_sec=0.772909,select_remove_sec=0.761445,select_total_sec=1.486594
BATCH,iteration=2,selected_count=233,batch_count=97,batch_queries_sec=2.339156
REROUTE,iteration=2,reroute_query_count=233,reroute_query_sec=0.232532,insert_trajectory_sec=0.044593,reroute_total_sec=0.335987
ITERATION,iteration=2,selected_count=233,time_sec=19.148586
EVALUATE,iteration=3,query_count=4096,time_sec=12.336165
TOTAL_TRAVEL_TIME,iteration=3,query_count=4096,value=292587631
TDG,iteration=3,size=70984,time_sec=1.522347
IMPACT,iteration=3,size=70984,time_sec=0.241398
CANDIDATE,iteration=3,candidate_count=527,candidate_sec=0.212105
SELECT,iteration=3,candidate_count=527,selected_count=262,select_impact_sec=0.472137,select_rank_sec=0.016735,select_scan_sec=0.563229,select_remove_sec=0.554463,select_total_sec=1.117857
BATCH,iteration=3,selected_count=262,batch_count=85,batch_queries_sec=0.647897
REROUTE,iteration=3,reroute_query_count=262,reroute_query_sec=0.299719,insert_trajectory_sec=0.054299,reroute_total_sec=0.420844
ITERATION,iteration=3,selected_count=262,time_sec=16.544269
EVALUATE,iteration=4,query_count=4096,time_sec=11.852813
TOTAL_TRAVEL_TIME,iteration=4,query_count=4096,value=295443355
TDG,iteration=4,size=85774,time_sec=1.475219
IMPACT,iteration=4,size=85774,time_sec=0.289188
CANDIDATE,iteration=4,candidate_count=604,candidate_sec=0.231652
SELECT,iteration=4,candidate_count=604,selected_count=295,select_impact_sec=0.573189,select_rank_sec=0.020530,select_scan_sec=0.654726,select_remove_sec=0.643833,select_total_sec=1.327255
BATCH,iteration=4,selected_count=295,batch_count=64,batch_queries_sec=1.374995
REROUTE,iteration=4,reroute_query_count=295,reroute_query_sec=0.202930,insert_trajectory_sec=0.120372,reroute_total_sec=0.401870
ITERATION,iteration=4,selected_count=295,time_sec=17.006112
EVALUATE,iteration=5,query_count=4096,time_sec=11.419677
TOTAL_TRAVEL_TIME,iteration=5,query_count=4096,value=299452512
TDG,iteration=5,size=98119,time_sec=1.414358
IMPACT,iteration=5,size=98119,time_sec=0.324473
CANDIDATE,iteration=5,candidate_count=721,candidate_sec=0.251136
SELECT,iteration=5,candidate_count=721,selected_count=349,select_impact_sec=0.661632,select_rank_sec=0.019550,select_scan_sec=0.602500,select_remove_sec=0.590478,select_total_sec=1.376078
BATCH,iteration=5,selected_count=349,batch_count=132,batch_queries_sec=1.552377
REROUTE,iteration=5,reroute_query_count=349,reroute_query_sec=0.598274,insert_trajectory_sec=0.180547,reroute_total_sec=0.871019
ITERATION,iteration=5,selected_count=349,time_sec=17.271133
EVALUATE,iteration=6,query_count=4096,time_sec=11.467364
TOTAL_TRAVEL_TIME,iteration=6,query_count=4096,value=308315862
TDG,iteration=6,size=119305,time_sec=1.419930
IMPACT,iteration=6,size=119305,time_sec=0.384634
CANDIDATE,iteration=6,candidate_count=736,candidate_sec=0.280765
SELECT,iteration=6,candidate_count=736,selected_count=146,select_impact_sec=1.942967,select_rank_sec=0.067026,select_scan_sec=0.397907,select_remove_sec=0.392219,select_total_sec=2.518978
BATCH,iteration=6,selected_count=146,batch_count=99,batch_queries_sec=2.115540
REROUTE,iteration=6,reroute_query_count=146,reroute_query_sec=0.276440,insert_trajectory_sec=0.036840,reroute_total_sec=0.421621
ITERATION,iteration=6,selected_count=146,time_sec=18.678825
EVALUATE,iteration=7,query_count=4096,time_sec=11.024076
TOTAL_TRAVEL_TIME,iteration=7,query_count=4096,value=310716015
TDG,iteration=7,size=128104,time_sec=1.550540
IMPACT,iteration=7,size=128104,time_sec=0.491653
CANDIDATE,iteration=7,candidate_count=608,candidate_sec=0.302874
SELECT,iteration=7,candidate_count=608,selected_count=288,select_impact_sec=0.856904,select_rank_sec=0.014383,select_scan_sec=0.466517,select_remove_sec=0.458144,select_total_sec=1.458582
BATCH,iteration=7,selected_count=288,batch_count=62,batch_queries_sec=0.891328
REROUTE,iteration=7,reroute_query_count=288,reroute_query_sec=0.209333,insert_trajectory_sec=0.123857,reroute_total_sec=0.447478
ITERATION,iteration=7,selected_count=288,time_sec=16.241622
EVALUATE,iteration=8,query_count=4096,time_sec=10.789755
TOTAL_TRAVEL_TIME,iteration=8,query_count=4096,value=308560334
TDG,iteration=8,size=136499,time_sec=1.439705
IMPACT,iteration=8,size=136499,time_sec=0.455872
CANDIDATE,iteration=8,candidate_count=715,candidate_sec=0.313242
SELECT,iteration=8,candidate_count=715,selected_count=200,select_impact_sec=0.896013,select_rank_sec=0.021899,select_scan_sec=0.477975,select_remove_sec=0.470509,select_total_sec=1.513275
BATCH,iteration=8,selected_count=200,batch_count=59,batch_queries_sec=0.890650
REROUTE,iteration=8,reroute_query_count=200,reroute_query_sec=0.266885,insert_trajectory_sec=0.119133,reroute_total_sec=0.504405
ITERATION,iteration=8,selected_count=200,time_sec=15.983880
EVALUATE,iteration=9,query_count=4096,time_sec=10.199872
TOTAL_TRAVEL_TIME,iteration=9,query_count=4096,value=316167238
TDG,iteration=9,size=147243,time_sec=1.372855
IMPACT,iteration=9,size=147243,time_sec=0.520307
CANDIDATE,iteration=9,candidate_count=796,candidate_sec=0.328001
SELECT,iteration=9,candidate_count=796,selected_count=364,select_impact_sec=0.974791,select_rank_sec=0.018370,select_scan_sec=0.535586,select_remove_sec=0.525029,select_total_sec=1.662722
BATCH,iteration=9,selected_count=364,batch_count=88,batch_queries_sec=1.282837
REROUTE,iteration=9,reroute_query_count=364,reroute_query_sec=0.507027,insert_trajectory_sec=0.240831,reroute_total_sec=0.888005
ITERATION,iteration=9,selected_count=364,time_sec=16.339872
EVALUATE,iteration=-1,query_count=4096,time_sec=9.755600
TOTAL_TRAVEL_TIME,iteration=-1,query_count=4096,value=321826817
RUN,iteration=-1,query_count=4096,time_sec=183.668448
GRO Done!
