Graph loaded: 11369 vertices, 36792 edges.
INITIAL_ROUTES,iteration=-1,query_count=2048,time_sec=0.386140
EVALUATE,iteration=0,query_count=2048,time_sec=4.583373
TOTAL_TRAVEL_TIME,iteration=0,query_count=2048,value=183334760
TDG,iteration=0,size=74867,time_sec=0.676354
IMPACT,iteration=0,size=74867,time_sec=0.246232
CANDIDATE,iteration=0,candidate_count=366,candidate_sec=0.165035
SELECT,iteration=0,candidate_count=366,selected_count=174,select_impact_sec=0.494552,select_rank_sec=0.006845,select_scan_sec=0.207909,select_remove_sec=0.204218,select_total_sec=0.777742
BATCH,iteration=0,selected_count=174,batch_count=36,batch_queries_sec=0.264205
REROUTE,iteration=0,reroute_query_count=174,reroute_query_sec=0.104966,insert_trajectory_sec=0.000405,reroute_total_sec=0.171632
ITERATION,iteration=0,selected_count=174,time_sec=6.926850
EVALUATE,iteration=1,query_count=2048,time_sec=4.407372
TOTAL_TRAVEL_TIME,iteration=1,query_count=2048,value=170626215
TDG,iteration=1,size=77013,time_sec=0.580505
IMPACT,iteration=1,size=77013,time_sec=0.249070
CANDIDATE,iteration=1,candidate_count=321,candidate_sec=0.160506
SELECT,iteration=1,candidate_count=321,selected_count=29,select_impact_sec=0.507116,select_rank_sec=0.006155,select_scan_sec=0.064449,select_remove_sec=0.063372,select_total_sec=0.645322
BATCH,iteration=1,selected_count=29,batch_count=17,batch_queries_sec=0.066121
REROUTE,iteration=1,reroute_query_count=29,reroute_query_sec=0.053825,insert_trajectory_sec=0.000093,reroute_total_sec=0.121352
ITERATION,iteration=1,selected_count=29,time_sec=6.274371
EVALUATE,iteration=2,query_count=2048,time_sec=4.145527
TOTAL_TRAVEL_TIME,iteration=2,query_count=2048,value=167877832
TDG,iteration=2,size=78369,time_sec=0.583015
IMPACT,iteration=2,size=78369,time_sec=0.257736
CANDIDATE,iteration=2,candidate_count=321,candidate_sec=0.162869
SELECT,iteration=2,candidate_count=321,selected_count=29,select_impact_sec=0.514243,select_rank_sec=0.006395,select_scan_sec=0.063378,select_remove_sec=0.062432,select_total_sec=0.652270
BATCH,iteration=2,selected_count=29,batch_count=14,batch_queries_sec=0.063038
REROUTE,iteration=2,reroute_query_count=29,reroute_query_sec=0.044770,insert_trajectory_sec=0.000247,reroute_total_sec=0.114634
ITERATION,iteration=2,selected_count=29,time_sec=6.023897
EVALUATE,iteration=3,query_count=2048,time_sec=4.004296
TOTAL_TRAVEL_TIME,iteration=3,query_count=2048,value=164407942
TDG,iteration=3,size=78612,time_sec=0.565553
IMPACT,iteration=3,size=78612,time_sec=0.255082
CANDIDATE,iteration=3,candidate_count=433,candidate_sec=0.159229
SELECT,iteration=3,candidate_count=433,selected_count=196,select_impact_sec=0.511640,select_rank_sec=0.010268,select_scan_sec=0.276303,select_remove_sec=0.271547,select_total_sec=0.866730
BATCH,iteration=3,selected_count=196,batch_count=26,batch_queries_sec=0.390780
REROUTE,iteration=3,reroute_query_count=196,reroute_query_sec=0.118471,insert_trajectory_sec=0.000988,reroute_total_sec=0.187872
ITERATION,iteration=3,selected_count=196,time_sec=6.475067
EVALUATE,iteration=4,query_count=2048,time_sec=3.095704
TOTAL_TRAVEL_TIME,iteration=4,query_count=2048,value=145801447
TDG,iteration=4,size=81235,time_sec=0.470049
IMPACT,iteration=4,size=81235,time_sec=0.258603
CANDIDATE,iteration=4,candidate_count=420,candidate_sec=0.156949
SELECT,iteration=4,candidate_count=420,selected_count=193,select_impact_sec=0.508225,select_rank_sec=0.006845,select_scan_sec=0.186224,select_remove_sec=0.182717,select_total_sec=0.771827
BATCH,iteration=4,selected_count=193,batch_count=30,batch_queries_sec=0.245242
REROUTE,iteration=4,reroute_query_count=193,reroute_query_sec=0.128174,insert_trajectory_sec=0.002954,reroute_total_sec=0.200414
ITERATION,iteration=4,selected_count=193,time_sec=5.244884
EVALUATE,iteration=5,query_count=2048,time_sec=2.532874
TOTAL_TRAVEL_TIME,iteration=5,query_count=2048,value=132309975
TDG,iteration=5,size=83479,time_sec=0.425676
IMPACT,iteration=5,size=83479,time_sec=0.266658
CANDIDATE,iteration=5,candidate_count=749,candidate_sec=0.153776
SELECT,iteration=5,candidate_count=749,selected_count=343,select_impact_sec=0.530438,select_rank_sec=0.010569,select_scan_sec=0.281371,select_remove_sec=0.275680,select_total_sec=0.894143
BATCH,iteration=5,selected_count=343,batch_count=33,batch_queries_sec=0.387834
REROUTE,iteration=5,reroute_query_count=343,reroute_query_sec=0.230108,insert_trajectory_sec=0.010321,reroute_total_sec=0.313001
ITERATION,iteration=5,selected_count=343,time_sec=5.021389
EVALUATE,iteration=6,query_count=2048,time_sec=2.108891
TOTAL_TRAVEL_TIME,iteration=6,query_count=2048,value=114900015
TDG,iteration=6,size=87046,time_sec=0.388283
IMPACT,iteration=6,size=87046,time_sec=0.270604
CANDIDATE,iteration=6,candidate_count=645,candidate_sec=0.156637
SELECT,iteration=6,candidate_count=645,selected_count=276,select_impact_sec=0.545326,select_rank_sec=0.006142,select_scan_sec=0.148251,select_remove_sec=0.144729,select_total_sec=0.775731
BATCH,iteration=6,selected_count=276,batch_count=25,batch_queries_sec=0.204994
REROUTE,iteration=6,reroute_query_count=276,reroute_query_sec=0.198067,insert_trajectory_sec=0.010804,reroute_total_sec=0.282409
ITERATION,iteration=6,selected_count=276,time_sec=4.237573
EVALUATE,iteration=7,query_count=2048,time_sec=1.828125
TOTAL_TRAVEL_TIME,iteration=7,query_count=2048,value=107545734
TDG,iteration=7,size=89449,time_sec=0.374588
IMPACT,iteration=7,size=89449,time_sec=0.276360
CANDIDATE,iteration=7,candidate_count=1046,candidate_sec=0.160348
SELECT,iteration=7,candidate_count=1046,selected_count=455,select_impact_sec=0.550739,select_rank_sec=0.009085,select_scan_sec=0.221235,select_remove_sec=0.215956,select_total_sec=0.859470
BATCH,iteration=7,selected_count=455,batch_count=24,batch_queries_sec=0.361853
REROUTE,iteration=7,reroute_query_count=455,reroute_query_sec=0.373880,insert_trajectory_sec=0.020908,reroute_total_sec=0.470383
ITERATION,iteration=7,selected_count=455,time_sec=4.382659
EVALUATE,iteration=8,query_count=2048,time_sec=1.567154
TOTAL_TRAVEL_TIME,iteration=8,query_count=2048,value=100559980
TDG,iteration=8,size=92602,time_sec=0.361336
IMPACT,iteration=8,size=92602,time_sec=0.282345
CANDIDATE,iteration=8,candidate_count=1065,candidate_sec=0.164386
SELECT,iteration=8,candidate_count=1065,selected_count=468,select_impact_sec=0.560048,select_rank_sec=0.007193,select_scan_sec=0.172816,select_remove_sec=0.168015,select_total_sec=0.822083
BATCH,iteration=8,selected_count=468,batch_count=23,batch_queries_sec=0.159283
REROUTE,iteration=8,reroute_query_count=468,reroute_query_sec=0.367030,insert_trajectory_sec=0.027195,reroute_total_sec=0.475035
ITERATION,iteration=8,selected_count=468,time_sec=3.886229
EVALUATE,iteration=9,query_count=2048,time_sec=1.406965
TOTAL_TRAVEL_TIME,iteration=9,query_count=2048,value=98727765
TDG,iteration=9,size=94725,time_sec=0.343391
IMPACT,iteration=9,size=94725,time_sec=0.284525
CANDIDATE,iteration=9,candidate_count=834,candidate_sec=0.168702
SELECT,iteration=9,candidate_count=834,selected_count=358,select_impact_sec=0.573178,select_rank_sec=0.004769,select_scan_sec=0.108186,select_remove_sec=0.105282,select_total_sec=0.769192
BATCH,iteration=9,selected_count=358,batch_count=15,batch_queries_sec=0.067196
REROUTE,iteration=9,reroute_query_count=358,reroute_query_sec=0.287548,insert_trajectory_sec=0.022388,reroute_total_sec=0.391160
ITERATION,iteration=9,selected_count=358,time_sec=3.486589
EVALUATE,iteration=-1,query_count=2048,time_sec=1.339621
TOTAL_TRAVEL_TIME,iteration=-1,query_count=2048,value=97994687
RUN,iteration=-1,query_count=2048,time_sec=53.976516
GRO Done!
